TN:
SF:dist/registerSW.js
FN:1,(empty-report)
FNF:1
FNH:0
FNDA:0,(empty-report)
DA:1,0
LF:1
LH:0
BRDA:1,0,0,0
BRF:1
BRH:0
end_of_record
TN:
SF:dist/sw.js
FN:1,(empty-report)
FNF:1
FNH:0
FNDA:0,(empty-report)
DA:1,0
LF:1
LH:0
BRDA:1,0,0,0
BRF:1
BRH:0
end_of_record
TN:
SF:dist/workbox-f59a37dd.js
FN:1,(empty-report)
FNF:1
FNH:0
FNDA:0,(empty-report)
DA:1,0
LF:1
LH:0
BRDA:1,0,0,0
BRF:1
BRH:0
end_of_record
TN:
SF:dist/assets/index-CtzoYFSP.js
FN:1,(empty-report)
FNF:1
FNH:0
FNDA:0,(empty-report)
DA:1,0
DA:2,0
DA:3,0
DA:4,0
DA:5,0
DA:6,0
DA:7,0
DA:8,0
DA:9,0
DA:10,0
DA:11,0
DA:12,0
DA:13,0
DA:14,0
DA:15,0
DA:16,0
DA:17,0
DA:18,0
DA:19,0
DA:20,0
DA:21,0
DA:22,0
DA:23,0
DA:24,0
DA:25,0
DA:26,0
DA:27,0
DA:28,0
DA:29,0
DA:30,0
DA:31,0
DA:32,0
DA:33,0
DA:34,0
DA:35,0
DA:36,0
DA:37,0
DA:38,0
DA:39,0
DA:40,0
DA:41,0
DA:42,0
DA:43,0
DA:44,0
DA:45,0
DA:46,0
DA:47,0
DA:48,0
DA:49,0
DA:50,0
DA:51,0
DA:52,0
DA:53,0
DA:54,0
DA:55,0
DA:56,0
DA:57,0
DA:58,0
DA:59,0
DA:60,0
DA:61,0
DA:62,0
DA:63,0
DA:64,0
DA:65,0
DA:66,0
DA:67,0
DA:68,0
DA:69,0
DA:70,0
DA:71,0
DA:72,0
DA:73,0
DA:74,0
DA:75,0
DA:76,0
DA:77,0
DA:78,0
DA:79,0
DA:80,0
DA:81,0
DA:82,0
DA:83,0
DA:84,0
DA:85,0
DA:86,0
DA:87,0
DA:88,0
DA:89,0
DA:90,0
DA:91,0
DA:92,0
DA:93,0
DA:94,0
DA:95,0
DA:96,0
DA:97,0
DA:98,0
DA:99,0
DA:100,0
DA:101,0
DA:102,0
DA:103,0
DA:104,0
DA:105,0
DA:106,0
DA:107,0
DA:108,0
DA:109,0
DA:110,0
DA:111,0
DA:112,0
DA:113,0
DA:114,0
DA:115,0
DA:116,0
DA:117,0
DA:118,0
DA:119,0
DA:120,0
DA:121,0
DA:122,0
DA:123,0
DA:124,0
DA:125,0
DA:126,0
DA:127,0
DA:128,0
DA:129,0
DA:130,0
DA:131,0
DA:132,0
DA:133,0
DA:134,0
DA:135,0
DA:136,0
DA:137,0
DA:138,0
DA:139,0
DA:140,0
DA:141,0
DA:142,0
DA:143,0
DA:144,0
DA:145,0
DA:146,0
DA:147,0
DA:148,0
DA:149,0
DA:150,0
DA:151,0
DA:152,0
DA:153,0
DA:154,0
DA:155,0
DA:156,0
DA:157,0
DA:158,0
DA:159,0
DA:160,0
DA:161,0
DA:162,0
DA:163,0
DA:164,0
DA:165,0
DA:166,0
DA:167,0
DA:168,0
DA:169,0
DA:170,0
DA:171,0
DA:172,0
DA:173,0
DA:174,0
DA:175,0
DA:176,0
DA:177,0
DA:178,0
DA:179,0
DA:180,0
DA:181,0
DA:182,0
DA:183,0
DA:184,0
DA:185,0
DA:186,0
DA:187,0
DA:188,0
DA:189,0
DA:190,0
DA:191,0
DA:192,0
DA:193,0
DA:194,0
DA:195,0
DA:196,0
DA:197,0
DA:198,0
DA:199,0
DA:200,0
DA:201,0
DA:202,0
DA:203,0
DA:204,0
DA:205,0
DA:206,0
DA:207,0
DA:208,0
DA:209,0
DA:210,0
DA:211,0
DA:212,0
DA:213,0
DA:214,0
DA:215,0
DA:216,0
DA:217,0
DA:218,0
DA:219,0
DA:220,0
DA:221,0
DA:222,0
DA:223,0
DA:224,0
DA:225,0
DA:226,0
DA:227,0
DA:228,0
DA:229,0
DA:230,0
DA:231,0
DA:232,0
DA:233,0
DA:234,0
DA:235,0
DA:236,0
DA:237,0
DA:238,0
DA:239,0
DA:240,0
DA:241,0
DA:242,0
DA:243,0
DA:244,0
DA:245,0
DA:246,0
DA:247,0
DA:248,0
DA:249,0
DA:250,0
DA:251,0
DA:252,0
DA:253,0
DA:254,0
DA:255,0
DA:256,0
LF:256
LH:0
BRDA:1,0,0,0
BRF:1
BRH:0
end_of_record
TN:
SF:src/App.tsx
FN:1,(empty-report)
FNF:1
FNH:0
FNDA:0,(empty-report)
DA:1,0
DA:11,0
DA:12,0
DA:13,0
DA:15,0
DA:16,0
DA:18,0
DA:19,0
DA:21,0
DA:22,0
DA:23,0
DA:24,0
DA:27,0
DA:28,0
DA:30,0
DA:31,0
DA:32,0
DA:33,0
DA:34,0
DA:35,0
DA:36,0
DA:37,0
DA:38,0
DA:39,0
DA:40,0
DA:41,0
DA:42,0
DA:43,0
DA:44,0
DA:45,0
DA:46,0
DA:47,0
DA:50,0
DA:51,0
DA:52,0
DA:53,0
DA:54,0
DA:57,0
DA:58,0
DA:59,0
DA:60,0
DA:61,0
DA:62,0
DA:63,0
DA:65,0
DA:67,0
DA:68,0
DA:69,0
DA:70,0
DA:72,0
DA:73,0
DA:74,0
DA:75,0
DA:76,0
DA:79,0
DA:80,0
DA:81,0
DA:82,0
DA:83,0
DA:84,0
DA:85,0
DA:88,0
DA:89,0
DA:90,0
DA:91,0
DA:92,0
DA:93,0
DA:94,0
DA:95,0
DA:97,0
DA:99,0
LF:71
LH:0
BRDA:1,0,0,0
BRF:1
BRH:0
end_of_record
TN:
SF:src/components/forecast/AstronomicalEventsSection.tsx
FN:1,(empty-report)
FNF:1
FNH:0
FNDA:0,(empty-report)
DA:1,0
DA:17,0
DA:18,0
DA:19,0
DA:20,0
DA:21,0
DA:22,0
DA:23,0
DA:24,0
DA:25,0
DA:26,0
DA:27,0
DA:28,0
DA:29,0
DA:30,0
DA:31,0
DA:33,0
DA:34,0
DA:35,0
DA:37,0
DA:38,0
DA:39,0
DA:40,0
DA:41,0
DA:43,0
DA:44,0
DA:45,0
DA:47,0
DA:48,0
DA:49,0
DA:50,0
DA:51,0
DA:52,0
DA:53,0
DA:54,0
DA:55,0
DA:56,0
DA:57,0
DA:59,0
DA:63,0
DA:64,0
DA:65,0
DA:66,0
DA:67,0
DA:68,0
DA:69,0
DA:70,0
DA:71,0
DA:75,0
DA:76,0
DA:77,0
DA:78,0
DA:79,0
DA:80,0
DA:81,0
DA:82,0
DA:83,0
DA:87,0
DA:88,0
DA:89,0
DA:90,0
DA:91,0
DA:92,0
DA:93,0
DA:94,0
DA:95,0
DA:96,0
DA:97,0
DA:98,0
DA:99,0
DA:101,0
DA:102,0
DA:103,0
DA:104,0
DA:105,0
DA:108,0
DA:109,0
DA:110,0
DA:111,0
DA:112,0
DA:113,0
DA:114,0
DA:115,0
DA:116,0
DA:117,0
DA:118,0
DA:119,0
DA:120,0
DA:123,0
DA:124,0
DA:125,0
DA:126,0
DA:127,0
DA:128,0
DA:129,0
DA:130,0
DA:134,0
DA:135,0
DA:136,0
DA:137,0
DA:138,0
DA:139,0
DA:140,0
DA:141,0
DA:142,0
DA:146,0
DA:147,0
DA:148,0
DA:149,0
DA:150,0
DA:151,0
DA:152,0
DA:153,0
DA:154,0
DA:158,0
DA:159,0
DA:160,0
DA:161,0
DA:162,0
DA:163,0
DA:164,0
DA:165,0
DA:166,0
DA:170,0
DA:171,0
DA:172,0
DA:173,0
DA:174,0
DA:175,0
DA:176,0
DA:177,0
DA:178,0
DA:179,0
DA:180,0
DA:183,0
DA:184,0
DA:185,0
DA:186,0
DA:187,0
DA:188,0
DA:189,0
DA:190,0
DA:191,0
DA:193,0
DA:194,0
DA:196,0
DA:207,0
DA:208,0
DA:209,0
DA:210,0
DA:211,0
DA:212,0
DA:213,0
DA:214,0
DA:215,0
DA:216,0
DA:217,0
DA:218,0
DA:219,0
DA:220,0
DA:221,0
DA:223,0
DA:224,0
DA:225,0
DA:226,0
DA:227,0
DA:228,0
DA:229,0
DA:230,0
DA:231,0
DA:232,0
DA:233,0
DA:235,0
DA:236,0
DA:238,0
LF:175
LH:0
BRDA:1,0,0,0
BRF:1
BRH:0
end_of_record
TN:
SF:src/components/forecast/CategorySection.tsx
FN:1,(empty-report)
FNF:1
FNH:0
FNDA:0,(empty-report)
DA:1,0
DA:18,0
DA:19,0
DA:20,0
DA:21,0
DA:22,0
DA:23,0
DA:24,0
DA:25,0
DA:26,0
DA:27,0
DA:28,0
DA:29,0
DA:31,0
DA:33,0
DA:34,0
DA:36,0
DA:37,0
DA:39,0
DA:40,0
DA:41,0
DA:43,0
DA:44,0
DA:45,0
DA:46,0
DA:47,0
DA:48,0
DA:49,0
DA:50,0
DA:51,0
DA:52,0
DA:53,0
DA:54,0
DA:55,0
DA:56,0
DA:57,0
DA:58,0
DA:59,0
DA:60,0
DA:62,0
DA:63,0
DA:65,0
DA:67,0
DA:68,0
DA:71,0
DA:72,0
DA:73,0
DA:75,0
DA:76,0
DA:77,0
DA:78,0
DA:79,0
DA:80,0
DA:81,0
DA:82,0
DA:83,0
DA:84,0
DA:87,0
DA:88,0
DA:89,0
DA:90,0
DA:91,0
DA:92,0
DA:93,0
DA:94,0
DA:95,0
DA:96,0
DA:97,0
DA:98,0
DA:101,0
DA:102,0
DA:103,0
DA:104,0
DA:106,0
DA:107,0
DA:108,0
DA:109,0
DA:111,0
DA:112,0
DA:113,0
DA:114,0
DA:115,0
DA:117,0
DA:119,0
DA:121,0
LF:85
LH:0
BRDA:1,0,0,0
BRF:1
BRH:0
end_of_record
TN:
SF:src/components/forecast/EventsSection.tsx
FN:1,(empty-report)
FNF:1
FNH:0
FNDA:0,(empty-report)
DA:1,0
DA:13,0
DA:14,0
DA:15,0
DA:16,0
DA:17,0
DA:18,0
DA:19,0
DA:20,0
DA:21,0
DA:23,0
DA:25,0
DA:26,0
DA:27,0
DA:29,0
DA:30,0
DA:32,0
DA:33,0
DA:37,0
DA:38,0
DA:39,0
DA:40,0
DA:41,0
DA:45,0
DA:46,0
DA:48,0
DA:49,0
DA:50,0
DA:51,0
DA:52,0
DA:54,0
DA:55,0
DA:56,0
DA:57,0
DA:58,0
DA:59,0
DA:60,0
DA:61,0
DA:62,0
DA:63,0
DA:64,0
DA:66,0
DA:67,0
DA:68,0
DA:70,0
DA:71,0
DA:72,0
DA:73,0
DA:74,0
DA:75,0
DA:76,0
DA:77,0
DA:78,0
DA:79,0
DA:80,0
DA:81,0
DA:82,0
DA:83,0
DA:87,0
DA:88,0
DA:89,0
DA:90,0
DA:91,0
DA:93,0
DA:94,0
DA:95,0
DA:96,0
DA:97,0
DA:98,0
DA:99,0
DA:101,0
DA:102,0
DA:103,0
DA:104,0
DA:105,0
DA:106,0
DA:107,0
DA:108,0
DA:110,0
DA:111,0
DA:112,0
DA:113,0
DA:114,0
DA:115,0
DA:116,0
DA:117,0
DA:118,0
DA:119,0
DA:120,0
DA:121,0
DA:123,0
DA:124,0
DA:125,0
DA:126,0
DA:127,0
DA:128,0
DA:129,0
DA:130,0
DA:131,0
DA:132,0
DA:133,0
DA:134,0
DA:136,0
DA:137,0
DA:138,0
DA:140,0
DA:142,0
DA:144,0
LF:108
LH:0
BRDA:1,0,0,0
BRF:1
BRH:0
end_of_record
TN:
SF:src/components/forecast/ForecastView.tsx
FN:1,(empty-report)
FNF:1
FNH:0
FNDA:0,(empty-report)
DA:1,0
DA:18,0
DA:19,0
DA:20,0
DA:21,0
DA:22,0
DA:23,0
DA:24,0
DA:25,0
DA:26,0
DA:28,0
DA:29,0
DA:30,0
DA:32,0
DA:34,0
DA:36,0
DA:37,0
DA:38,0
DA:39,0
DA:40,0
DA:42,0
DA:43,0
DA:45,0
DA:46,0
DA:47,0
DA:48,0
DA:50,0
DA:51,0
DA:52,0
DA:53,0
DA:54,0
DA:56,0
DA:57,0
DA:58,0
DA:60,0
DA:62,0
DA:63,0
DA:66,0
DA:67,0
DA:68,0
DA:69,0
DA:70,0
DA:71,0
DA:72,0
DA:73,0
DA:74,0
DA:76,0
DA:77,0
DA:78,0
DA:79,0
DA:80,0
DA:81,0
DA:82,0
DA:83,0
DA:85,0
DA:86,0
DA:87,0
DA:90,0
DA:91,0
DA:92,0
DA:93,0
DA:95,0
DA:96,0
DA:97,0
DA:98,0
DA:99,0
DA:100,0
DA:101,0
DA:102,0
DA:103,0
DA:104,0
DA:105,0
DA:107,0
DA:108,0
DA:109,0
DA:113,0
DA:114,0
DA:115,0
DA:116,0
DA:117,0
DA:118,0
DA:119,0
DA:120,0
DA:123,0
DA:124,0
DA:125,0
DA:126,0
DA:127,0
DA:128,0
DA:129,0
DA:132,0
DA:133,0
DA:134,0
DA:137,0
DA:138,0
DA:139,0
DA:140,0
DA:141,0
DA:142,0
DA:143,0
DA:144,0
DA:146,0
LF:102
LH:0
BRDA:1,0,0,0
BRF:1
BRH:0
end_of_record
TN:
SF:src/components/forecast/JupiterMoonsCard.tsx
FN:1,(empty-report)
FNF:1
FNH:0
FNDA:0,(empty-report)
DA:1,0
DA:12,0
DA:13,0
DA:14,0
DA:15,0
DA:16,0
DA:18,0
DA:20,0
DA:21,0
DA:22,0
DA:23,0
DA:24,0
DA:26,0
DA:27,0
DA:29,0
DA:30,0
DA:32,0
DA:34,0
DA:35,0
DA:36,0
DA:38,0
DA:40,0
DA:42,0
DA:43,0
DA:45,0
DA:48,0
DA:49,0
DA:50,0
DA:51,0
DA:52,0
DA:55,0
DA:56,0
DA:57,0
DA:58,0
DA:59,0
DA:60,0
DA:61,0
DA:62,0
DA:63,0
DA:65,0
DA:67,0
DA:69,0
DA:71,0
DA:73,0
DA:74,0
DA:75,0
DA:76,0
DA:77,0
DA:80,0
DA:81,0
DA:82,0
DA:83,0
DA:84,0
DA:85,0
DA:87,0
DA:88,0
DA:89,0
DA:91,0
DA:92,0
DA:93,0
DA:94,0
DA:95,0
DA:96,0
DA:97,0
DA:98,0
DA:100,0
DA:101,0
DA:102,0
DA:103,0
DA:104,0
DA:105,0
DA:106,0
DA:107,0
DA:108,0
DA:109,0
DA:110,0
DA:111,0
DA:112,0
DA:113,0
DA:114,0
DA:115,0
DA:118,0
DA:121,0
DA:122,0
DA:123,0
DA:124,0
DA:125,0
DA:127,0
DA:128,0
DA:130,0
DA:131,0
DA:132,0
DA:133,0
DA:134,0
DA:135,0
DA:136,0
DA:137,0
DA:138,0
DA:140,0
DA:141,0
DA:142,0
DA:143,0
DA:144,0
DA:146,0
DA:147,0
DA:149,0
DA:150,0
DA:151,0
DA:152,0
DA:153,0
DA:154,0
DA:155,0
DA:156,0
DA:158,0
DA:160,0
DA:163,0
DA:165,0
DA:166,0
DA:168,0
DA:169,0
DA:170,0
DA:172,0
DA:173,0
DA:175,0
DA:177,0
DA:178,0
DA:179,0
DA:180,0
DA:182,0
DA:183,0
DA:184,0
DA:185,0
DA:186,0
DA:187,0
DA:188,0
DA:189,0
DA:190,0
DA:191,0
DA:192,0
DA:193,0
DA:194,0
DA:195,0
DA:196,0
DA:197,0
DA:198,0
DA:199,0
DA:200,0
DA:201,0
DA:203,0
DA:204,0
DA:206,0
DA:208,0
DA:210,0
DA:211,0
DA:212,0
DA:213,0
DA:214,0
DA:215,0
DA:216,0
DA:218,0
DA:219,0
DA:220,0
DA:221,0
DA:222,0
DA:223,0
DA:224,0
DA:226,0
LF:167
LH:0
BRDA:1,0,0,0
BRF:1
BRH:0
end_of_record
TN:
SF:src/components/forecast/NightDetails.tsx
FN:1,(empty-report)
FNF:1
FNH:0
FNDA:0,(empty-report)
DA:1,0
DA:17,0
DA:18,0
DA:19,0
DA:21,0
DA:22,0
DA:24,0
DA:25,0
DA:26,0
DA:27,0
DA:28,0
DA:30,0
DA:31,0
DA:33,0
DA:34,0
DA:35,0
DA:37,0
DA:39,0
DA:41,0
DA:43,0
DA:44,0
DA:45,0
DA:46,0
DA:47,0
DA:48,0
DA:49,0
DA:50,0
DA:51,0
DA:52,0
DA:53,0
DA:54,0
DA:56,0
DA:57,0
DA:58,0
DA:59,0
DA:60,0
DA:61,0
DA:62,0
DA:63,0
DA:64,0
DA:65,0
DA:66,0
DA:67,0
DA:68,0
DA:69,0
DA:70,0
DA:71,0
DA:72,0
DA:74,0
DA:75,0
DA:76,0
DA:77,0
DA:78,0
DA:79,0
DA:80,0
DA:81,0
DA:82,0
DA:83,0
DA:86,0
DA:87,0
DA:88,0
DA:89,0
DA:90,0
DA:91,0
DA:92,0
DA:93,0
DA:94,0
DA:95,0
DA:97,0
DA:100,0
DA:101,0
DA:102,0
DA:103,0
DA:104,0
DA:105,0
DA:106,0
DA:107,0
DA:108,0
DA:109,0
DA:110,0
DA:111,0
DA:112,0
DA:113,0
DA:114,0
DA:115,0
DA:116,0
DA:117,0
DA:118,0
DA:119,0
DA:120,0
DA:121,0
DA:122,0
DA:126,0
DA:127,0
DA:128,0
DA:129,0
DA:130,0
DA:131,0
DA:132,0
DA:133,0
DA:134,0
DA:135,0
DA:136,0
DA:139,0
DA:140,0
DA:141,0
DA:142,0
DA:143,0
DA:144,0
DA:145,0
DA:148,0
DA:149,0
DA:150,0
DA:151,0
DA:152,0
DA:153,0
DA:156,0
DA:157,0
DA:158,0
DA:159,0
DA:160,0
DA:161,0
DA:162,0
DA:163,0
DA:164,0
DA:166,0
DA:167,0
DA:170,0
DA:171,0
DA:172,0
DA:173,0
DA:174,0
DA:175,0
DA:176,0
DA:179,0
DA:180,0
DA:181,0
DA:182,0
DA:183,0
DA:184,0
DA:185,0
DA:188,0
DA:189,0
DA:190,0
DA:191,0
DA:192,0
DA:193,0
DA:194,0
DA:195,0
DA:197,0
DA:198,0
DA:199,0
DA:200,0
DA:201,0
DA:203,0
DA:205,0
DA:206,0
DA:209,0
DA:211,0
DA:213,0
DA:214,0
DA:215,0
DA:216,0
DA:217,0
DA:218,0
DA:219,0
DA:225,0
DA:226,0
DA:227,0
DA:228,0
DA:229,0
DA:230,0
DA:231,0
DA:232,0
DA:233,0
DA:234,0
DA:235,0
DA:236,0
DA:237,0
DA:238,0
DA:240,0
DA:242,0
DA:243,0
DA:244,0
DA:245,0
DA:248,0
DA:249,0
DA:252,0
DA:253,0
DA:255,0
DA:259,0
DA:261,0
DA:262,0
DA:263,0
DA:265,0
DA:267,0
DA:268,0
DA:269,0
DA:270,0
DA:272,0
DA:273,0
DA:274,0
DA:275,0
DA:277,0
DA:278,0
DA:279,0
DA:280,0
DA:281,0
DA:282,0
DA:284,0
DA:285,0
DA:286,0
DA:287,0
DA:288,0
DA:289,0
DA:290,0
DA:291,0
DA:292,0
DA:293,0
DA:294,0
DA:295,0
DA:296,0
DA:297,0
DA:298,0
DA:299,0
DA:300,0
DA:301,0
DA:302,0
DA:303,0
DA:304,0
DA:305,0
DA:306,0
DA:307,0
DA:308,0
DA:310,0
LF:235
LH:0
BRDA:1,0,0,0
BRF:1
BRH:0
end_of_record
TN:
SF:src/components/forecast/NightSummaryTable.tsx
FN:1,(empty-report)
FNF:1
FNH:0
FNDA:0,(empty-report)
DA:1,0
DA:17,0
DA:18,0
DA:21,0
DA:22,0
DA:23,0
DA:26,0
DA:28,0
DA:29,0
DA:30,0
DA:31,0
DA:32,0
DA:34,0
DA:35,0
DA:36,0
DA:37,0
DA:38,0
DA:39,0
DA:41,0
DA:42,0
DA:51,0
DA:52,0
DA:53,0
DA:54,0
DA:55,0
DA:56,0
DA:57,0
DA:59,0
DA:60,0
DA:61,0
DA:62,0
DA:63,0
DA:66,0
DA:67,0
DA:68,0
DA:69,0
DA:70,0
DA:71,0
DA:72,0
DA:73,0
DA:74,0
DA:75,0
DA:76,0
DA:77,0
DA:78,0
DA:79,0
DA:80,0
DA:81,0
DA:82,0
DA:83,0
DA:84,0
DA:85,0
DA:86,0
DA:87,0
DA:89,0
DA:90,0
DA:91,0
DA:92,0
DA:93,0
DA:94,0
DA:95,0
DA:96,0
DA:97,0
DA:99,0
DA:100,0
DA:101,0
DA:102,0
DA:103,0
DA:104,0
DA:105,0
DA:106,0
DA:107,0
DA:108,0
DA:109,0
DA:110,0
DA:111,0
DA:112,0
DA:113,0
DA:114,0
DA:115,0
DA:116,0
DA:117,0
DA:118,0
DA:119,0
DA:120,0
DA:121,0
DA:122,0
DA:123,0
DA:125,0
DA:127,0
DA:128,0
DA:129,0
DA:130,0
DA:131,0
DA:132,0
DA:133,0
DA:134,0
DA:135,0
DA:136,0
DA:138,0
DA:139,0
DA:140,0
DA:141,0
DA:144,0
DA:145,0
DA:146,0
DA:147,0
DA:148,0
DA:149,0
DA:150,0
DA:151,0
DA:152,0
DA:153,0
DA:155,0
DA:156,0
DA:157,0
DA:158,0
DA:159,0
DA:160,0
DA:161,0
DA:163,0
DA:164,0
DA:165,0
DA:166,0
DA:167,0
DA:168,0
DA:169,0
DA:170,0
DA:171,0
DA:172,0
DA:173,0
DA:175,0
DA:176,0
DA:177,0
DA:178,0
DA:179,0
DA:180,0
DA:181,0
DA:182,0
DA:183,0
DA:184,0
DA:186,0
DA:187,0
DA:188,0
DA:189,0
DA:190,0
DA:192,0
DA:193,0
DA:194,0
DA:196,0
LF:150
LH:0
BRDA:1,0,0,0
BRF:1
BRH:0
end_of_record
TN:
SF:src/components/forecast/ObjectCard.tsx
FN:1,(empty-report)
FNF:1
FNH:0
FNDA:0,(empty-report)
DA:1,0
DA:23,0
DA:24,0
DA:25,0
DA:26,0
DA:27,0
DA:28,0
DA:29,0
DA:30,0
DA:32,0
DA:33,0
DA:34,0
DA:36,0
DA:37,0
DA:38,0
DA:39,0
DA:40,0
DA:42,0
DA:43,0
DA:44,0
DA:45,0
DA:46,0
DA:47,0
DA:48,0
DA:49,0
DA:50,0
DA:51,0
DA:52,0
DA:53,0
DA:54,0
DA:55,0
DA:56,0
DA:57,0
DA:58,0
DA:60,0
DA:61,0
DA:63,0
DA:64,0
DA:65,0
DA:66,0
DA:68,0
DA:70,0
DA:72,0
DA:73,0
DA:74,0
DA:75,0
DA:76,0
DA:78,0
DA:80,0
DA:82,0
DA:83,0
DA:84,0
DA:85,0
DA:86,0
DA:87,0
DA:88,0
DA:89,0
DA:90,0
DA:91,0
DA:92,0
DA:93,0
DA:94,0
DA:95,0
DA:96,0
DA:98,0
DA:99,0
DA:100,0
DA:101,0
DA:102,0
DA:103,0
DA:104,0
DA:105,0
DA:107,0
DA:108,0
DA:109,0
DA:110,0
DA:111,0
DA:112,0
DA:113,0
DA:114,0
DA:115,0
DA:116,0
DA:118,0
DA:120,0
DA:121,0
DA:122,0
DA:123,0
DA:124,0
DA:125,0
DA:126,0
DA:129,0
DA:130,0
DA:131,0
DA:132,0
DA:133,0
DA:134,0
DA:135,0
DA:136,0
DA:137,0
DA:138,0
DA:139,0
DA:141,0
DA:144,0
DA:145,0
DA:146,0
DA:147,0
DA:148,0
DA:149,0
DA:150,0
DA:151,0
DA:152,0
DA:153,0
DA:154,0
DA:155,0
DA:156,0
DA:160,0
DA:161,0
DA:162,0
DA:163,0
DA:164,0
DA:165,0
DA:168,0
DA:169,0
DA:170,0
DA:171,0
DA:172,0
DA:174,0
DA:175,0
DA:176,0
DA:177,0
DA:179,0
DA:180,0
DA:181,0
DA:182,0
DA:185,0
DA:186,0
DA:188,0
DA:191,0
DA:192,0
DA:193,0
DA:194,0
DA:197,0
DA:198,0
DA:199,0
DA:200,0
DA:203,0
DA:204,0
DA:205,0
DA:206,0
DA:209,0
DA:210,0
DA:211,0
DA:212,0
DA:215,0
DA:216,0
DA:217,0
DA:218,0
DA:220,0
DA:221,0
DA:223,0
DA:225,0
DA:226,0
DA:227,0
DA:228,0
DA:229,0
DA:230,0
DA:231,0
DA:232,0
DA:233,0
DA:234,0
DA:235,0
DA:236,0
DA:237,0
DA:238,0
DA:239,0
DA:240,0
DA:241,0
DA:242,0
DA:243,0
DA:244,0
DA:245,0
DA:246,0
DA:247,0
DA:248,0
DA:249,0
DA:250,0
DA:251,0
DA:253,0
DA:254,0
DA:255,0
DA:256,0
DA:257,0
DA:260,0
DA:261,0
DA:262,0
DA:263,0
DA:264,0
DA:267,0
DA:268,0
DA:269,0
DA:270,0
DA:271,0
DA:274,0
DA:275,0
DA:276,0
DA:277,0
DA:278,0
DA:280,0
DA:281,0
DA:282,0
DA:283,0
DA:284,0
DA:286,0
DA:287,0
DA:288,0
DA:289,0
DA:290,0
DA:292,0
DA:293,0
DA:294,0
DA:295,0
DA:296,0
DA:299,0
DA:300,0
DA:301,0
DA:302,0
DA:303,0
DA:305,0
DA:306,0
DA:307,0
DA:308,0
DA:309,0
DA:311,0
DA:313,0
DA:315,0
DA:316,0
DA:317,0
DA:319,0
DA:320,0
DA:321,0
DA:322,0
DA:323,0
DA:324,0
DA:325,0
DA:327,0
DA:328,0
DA:329,0
DA:330,0
DA:332,0
DA:333,0
DA:334,0
DA:335,0
DA:337,0
DA:338,0
DA:340,0
LF:255
LH:0
BRDA:1,0,0,0
BRF:1
BRH:0
end_of_record
TN:
SF:src/components/forecast/TonightHighlights.tsx
FN:1,(empty-report)
FNF:1
FNH:0
FNDA:0,(empty-report)
DA:1,0
DA:24,0
DA:25,0
DA:26,0
DA:27,0
DA:28,0
DA:29,0
DA:30,0
DA:31,0
DA:32,0
DA:33,0
DA:34,0
DA:35,0
DA:36,0
DA:37,0
DA:38,0
DA:39,0
DA:40,0
DA:41,0
DA:42,0
DA:43,0
DA:44,0
DA:45,0
DA:46,0
DA:47,0
DA:48,0
DA:49,0
DA:50,0
DA:51,0
DA:52,0
DA:53,0
DA:54,0
DA:55,0
DA:56,0
DA:57,0
DA:58,0
DA:59,0
DA:60,0
DA:61,0
DA:62,0
DA:63,0
DA:64,0
DA:65,0
DA:66,0
DA:67,0
DA:68,0
DA:69,0
DA:70,0
DA:71,0
DA:72,0
DA:73,0
DA:74,0
DA:75,0
DA:76,0
DA:77,0
DA:78,0
DA:79,0
DA:80,0
DA:81,0
DA:82,0
DA:83,0
DA:84,0
DA:85,0
DA:86,0
DA:87,0
DA:88,0
DA:89,0
DA:90,0
DA:91,0
DA:92,0
DA:93,0
DA:94,0
DA:95,0
DA:96,0
DA:97,0
DA:98,0
DA:99,0
DA:100,0
DA:101,0
DA:102,0
DA:103,0
DA:104,0
DA:105,0
DA:106,0
DA:107,0
DA:108,0
DA:109,0
DA:110,0
DA:111,0
DA:112,0
DA:113,0
DA:115,0
DA:116,0
DA:117,0
DA:118,0
DA:119,0
DA:120,0
DA:121,0
DA:122,0
DA:123,0
DA:124,0
DA:125,0
DA:126,0
DA:127,0
DA:128,0
DA:129,0
DA:131,0
DA:132,0
DA:133,0
DA:134,0
DA:135,0
DA:137,0
DA:138,0
DA:139,0
DA:140,0
DA:141,0
DA:142,0
DA:143,0
DA:144,0
DA:145,0
DA:147,0
DA:148,0
DA:149,0
DA:150,0
DA:151,0
DA:154,0
DA:155,0
DA:156,0
DA:157,0
DA:158,0
DA:159,0
DA:160,0
DA:161,0
DA:162,0
DA:163,0
DA:166,0
DA:167,0
DA:168,0
DA:169,0
DA:170,0
DA:171,0
DA:174,0
DA:175,0
DA:176,0
DA:177,0
DA:178,0
DA:181,0
DA:182,0
DA:185,0
DA:186,0
DA:187,0
DA:188,0
DA:189,0
DA:190,0
DA:193,0
DA:194,0
DA:196,0
DA:197,0
DA:198,0
DA:199,0
DA:200,0
DA:202,0
DA:203,0
DA:206,0
DA:207,0
DA:208,0
DA:209,0
DA:210,0
DA:212,0
DA:213,0
DA:214,0
DA:215,0
DA:216,0
DA:217,0
DA:219,0
DA:220,0
DA:222,0
DA:224,0
DA:225,0
DA:227,0
DA:228,0
DA:229,0
DA:231,0
DA:232,0
DA:233,0
DA:234,0
DA:235,0
DA:236,0
DA:237,0
DA:238,0
DA:241,0
DA:242,0
DA:243,0
DA:244,0
DA:246,0
DA:247,0
DA:248,0
DA:249,0
DA:250,0
DA:251,0
DA:252,0
DA:253,0
DA:254,0
DA:255,0
DA:256,0
DA:257,0
DA:258,0
DA:259,0
DA:260,0
DA:268,0
DA:269,0
DA:270,0
DA:271,0
DA:272,0
DA:273,0
DA:274,0
DA:275,0
DA:279,0
DA:280,0
DA:281,0
DA:282,0
DA:283,0
DA:284,0
DA:285,0
DA:286,0
DA:287,0
DA:288,0
DA:289,0
DA:290,0
DA:291,0
DA:292,0
DA:294,0
DA:295,0
DA:296,0
DA:297,0
DA:298,0
DA:299,0
DA:300,0
DA:301,0
DA:302,0
DA:303,0
DA:304,0
DA:305,0
DA:308,0
DA:309,0
DA:310,0
DA:312,0
DA:313,0
DA:314,0
DA:315,0
DA:316,0
DA:317,0
DA:318,0
DA:319,0
DA:320,0
DA:321,0
DA:322,0
DA:323,0
DA:325,0
DA:328,0
DA:329,0
DA:330,0
DA:331,0
DA:333,0
DA:334,0
DA:335,0
DA:336,0
DA:337,0
DA:339,0
DA:340,0
DA:342,0
DA:344,0
DA:346,0
DA:347,0
DA:348,0
DA:349,0
DA:350,0
DA:354,0
DA:355,0
DA:356,0
DA:357,0
DA:358,0
DA:359,0
DA:360,0
DA:362,0
DA:364,0
DA:365,0
DA:366,0
DA:368,0
DA:369,0
DA:371,0
DA:374,0
DA:375,0
DA:376,0
DA:377,0
DA:378,0
DA:379,0
DA:381,0
DA:382,0
DA:383,0
DA:384,0
DA:385,0
DA:386,0
DA:387,0
DA:388,0
DA:389,0
DA:390,0
DA:392,0
DA:393,0
DA:394,0
DA:395,0
DA:397,0
DA:399,0
LF:313
LH:0
BRDA:1,0,0,0
BRF:1
BRH:0
end_of_record
TN:
SF:src/components/layout/Header.tsx
FN:1,(empty-report)
FNF:1
FNH:0
FNDA:0,(empty-report)
DA:1,0
DA:7,0
DA:8,0
DA:9,0
DA:10,0
DA:12,0
DA:13,0
DA:14,0
DA:15,0
DA:16,0
DA:18,0
DA:19,0
DA:20,0
DA:21,0
DA:24,0
DA:25,0
DA:26,0
DA:27,0
DA:28,0
DA:32,0
DA:33,0
DA:34,0
DA:36,0
DA:37,0
DA:38,0
DA:39,0
DA:41,0
DA:42,0
DA:43,0
DA:44,0
DA:47,0
DA:48,0
DA:49,0
DA:50,0
DA:51,0
DA:52,0
DA:53,0
DA:55,0
DA:56,0
DA:58,0
DA:59,0
DA:61,0
DA:63,0
LF:43
LH:0
BRDA:1,0,0,0
BRF:1
BRH:0
end_of_record
TN:
SF:src/components/layout/SettingsModal.tsx
FN:1,(empty-report)
FNF:1
FNH:0
FNDA:0,(empty-report)
DA:1,0
DA:8,0
DA:9,0
DA:10,0
DA:12,0
DA:13,0
DA:14,0
DA:15,0
DA:17,0
DA:18,0
DA:19,0
DA:20,0
DA:22,0
DA:23,0
DA:24,0
DA:25,0
DA:27,0
DA:28,0
DA:29,0
DA:30,0
DA:32,0
DA:33,0
DA:34,0
DA:36,0
DA:37,0
DA:38,0
DA:39,0
DA:40,0
DA:42,0
DA:43,0
DA:44,0
DA:47,0
DA:49,0
DA:50,0
DA:51,0
DA:52,0
DA:54,0
DA:55,0
DA:56,0
DA:57,0
DA:58,0
DA:59,0
DA:60,0
DA:61,0
DA:62,0
DA:64,0
DA:65,0
DA:66,0
DA:70,0
DA:71,0
DA:72,0
DA:74,0
DA:75,0
DA:76,0
DA:77,0
DA:78,0
DA:79,0
DA:80,0
DA:81,0
DA:82,0
DA:83,0
DA:84,0
DA:85,0
DA:86,0
DA:87,0
DA:88,0
DA:90,0
DA:91,0
DA:94,0
DA:95,0
DA:96,0
DA:98,0
DA:99,0
DA:100,0
DA:101,0
DA:102,0
DA:103,0
DA:104,0
DA:105,0
DA:106,0
DA:107,0
DA:108,0
DA:109,0
DA:110,0
DA:111,0
DA:112,0
DA:115,0
DA:116,0
DA:117,0
DA:119,0
DA:120,0
DA:121,0
DA:122,0
DA:123,0
DA:124,0
DA:125,0
DA:126,0
DA:127,0
DA:128,0
DA:129,0
DA:130,0
DA:131,0
DA:132,0
DA:133,0
DA:134,0
DA:136,0
DA:137,0
DA:138,0
DA:141,0
DA:142,0
DA:143,0
DA:144,0
DA:145,0
DA:147,0
DA:148,0
DA:149,0
DA:150,0
DA:152,0
LF:118
LH:0
BRDA:1,0,0,0
BRF:1
BRH:0
end_of_record
TN:
SF:src/components/setup/Setup.tsx
FN:1,(empty-report)
FNF:1
FNH:0
FNDA:0,(empty-report)
DA:1,0
DA:15,0
DA:16,0
DA:17,0
DA:18,0
DA:19,0
DA:20,0
DA:23,0
DA:26,0
DA:27,0
DA:30,0
DA:31,0
DA:32,0
DA:33,0
DA:35,0
DA:36,0
DA:37,0
DA:38,0
DA:39,0
DA:41,0
DA:42,0
DA:43,0
DA:45,0
DA:46,0
DA:48,0
DA:49,0
DA:50,0
DA:51,0
DA:52,0
DA:54,0
DA:55,0
DA:56,0
DA:58,0
DA:59,0
DA:60,0
DA:62,0
DA:63,0
DA:64,0
DA:65,0
DA:66,0
DA:67,0
DA:68,0
DA:69,0
DA:70,0
DA:71,0
DA:72,0
DA:73,0
DA:75,0
DA:76,0
DA:78,0
DA:79,0
DA:80,0
DA:82,0
DA:83,0
DA:85,0
DA:86,0
DA:87,0
DA:88,0
DA:89,0
DA:90,0
DA:91,0
DA:92,0
DA:93,0
DA:94,0
DA:96,0
DA:97,0
DA:99,0
DA:100,0
DA:102,0
DA:103,0
DA:105,0
DA:106,0
DA:107,0
DA:108,0
DA:110,0
DA:111,0
DA:113,0
DA:115,0
DA:116,0
DA:117,0
DA:118,0
DA:119,0
DA:120,0
DA:121,0
DA:122,0
DA:123,0
DA:124,0
DA:125,0
DA:126,0
DA:128,0
DA:129,0
DA:131,0
DA:132,0
DA:133,0
DA:134,0
DA:135,0
DA:136,0
DA:137,0
DA:138,0
DA:140,0
DA:141,0
DA:143,0
DA:144,0
DA:145,0
DA:146,0
DA:149,0
DA:150,0
DA:152,0
DA:153,0
DA:154,0
DA:155,0
DA:157,0
DA:158,0
DA:159,0
DA:160,0
DA:161,0
DA:162,0
DA:166,0
DA:167,0
DA:168,0
DA:169,0
DA:171,0
DA:172,0
DA:174,0
DA:176,0
DA:177,0
DA:178,0
DA:179,0
DA:180,0
DA:183,0
DA:184,0
DA:185,0
DA:187,0
DA:188,0
DA:189,0
DA:190,0
DA:191,0
DA:192,0
DA:195,0
DA:196,0
DA:197,0
DA:199,0
DA:200,0
DA:201,0
DA:202,0
DA:203,0
DA:204,0
DA:205,0
DA:208,0
DA:209,0
DA:210,0
DA:211,0
DA:213,0
DA:214,0
DA:215,0
DA:216,0
DA:217,0
DA:218,0
DA:219,0
DA:220,0
DA:221,0
DA:222,0
DA:224,0
DA:225,0
DA:226,0
DA:227,0
DA:228,0
DA:229,0
DA:231,0
DA:232,0
DA:233,0
DA:234,0
DA:235,0
DA:237,0
DA:238,0
DA:240,0
DA:241,0
DA:243,0
DA:245,0
DA:246,0
DA:247,0
DA:250,0
DA:251,0
DA:252,0
DA:253,0
DA:255,0
DA:256,0
DA:257,0
DA:258,0
DA:259,0
DA:260,0
DA:261,0
DA:262,0
DA:263,0
DA:264,0
DA:265,0
DA:267,0
DA:268,0
DA:270,0
DA:271,0
DA:272,0
DA:273,0
DA:274,0
DA:275,0
DA:276,0
DA:277,0
DA:278,0
DA:279,0
DA:281,0
DA:282,0
DA:283,0
DA:284,0
DA:285,0
DA:286,0
DA:288,0
DA:289,0
DA:290,0
DA:291,0
DA:292,0
DA:294,0
DA:295,0
DA:297,0
DA:299,0
DA:300,0
DA:301,0
DA:303,0
DA:305,0
LF:227
LH:0
BRDA:1,0,0,0
BRF:1
BRH:0
end_of_record
TN:
SF:src/components/ui/ErrorMessage.tsx
FN:1,(empty-report)
FNF:1
FNH:0
FNDA:0,(empty-report)
DA:1,0
DA:9,0
DA:10,0
DA:11,0
DA:12,0
DA:13,0
DA:14,0
DA:15,0
DA:16,0
DA:17,0
DA:18,0
DA:20,0
DA:22,0
DA:24,0
DA:26,0
LF:15
LH:0
BRDA:1,0,0,0
BRF:1
BRH:0
end_of_record
TN:
SF:src/components/ui/LoadingScreen.tsx
FN:1,(empty-report)
FNF:1
FNH:0
FNDA:0,(empty-report)
DA:1,0
DA:9,0
DA:10,0
DA:11,0
DA:12,0
DA:13,0
DA:14,0
DA:15,0
DA:16,0
DA:17,0
DA:18,0
DA:19,0
DA:20,0
DA:21,0
DA:22,0
DA:24,0
DA:26,0
DA:27,0
DA:28,0
DA:29,0
DA:30,0
DA:31,0
DA:32,0
DA:33,0
DA:34,0
DA:35,0
DA:36,0
DA:38,0
LF:28
LH:0
BRDA:1,0,0,0
BRF:1
BRH:0
end_of_record
TN:
SF:src/components/ui/OfflineBanner.tsx
FN:1,(empty-report)
FNF:1
FNH:0
FNDA:0,(empty-report)
DA:1,0
DA:4,0
DA:5,0
DA:6,0
DA:7,0
DA:8,0
DA:9,0
DA:10,0
DA:11,0
DA:12,0
DA:13,0
DA:15,0
LF:12
LH:0
BRDA:1,0,0,0
BRF:1
BRH:0
end_of_record
TN:
SF:src/lib/analyzer.ts
FN:1,(empty-report)
FNF:1
FNH:0
FNDA:0,(empty-report)
DA:1,0
DA:43,0
DA:44,0
DA:45,0
DA:56,0
DA:57,0
DA:58,0
DA:59,0
DA:60,0
DA:61,0
DA:62,0
DA:64,0
DA:67,0
DA:68,0
DA:69,0
DA:72,0
DA:73,0
DA:74,0
DA:75,0
DA:76,0
DA:77,0
DA:78,0
DA:79,0
DA:80,0
DA:81,0
DA:82,0
DA:85,0
DA:86,0
DA:89,0
DA:90,0
DA:93,0
DA:94,0
DA:95,0
DA:97,0
DA:98,0
DA:99,0
DA:100,0
DA:101,0
DA:102,0
DA:103,0
DA:105,0
DA:106,0
DA:107,0
DA:108,0
DA:109,0
DA:110,0
DA:111,0
DA:114,0
DA:115,0
DA:117,0
DA:118,0
DA:121,0
DA:122,0
DA:123,0
DA:125,0
DA:126,0
DA:127,0
DA:129,0
DA:130,0
DA:133,0
DA:136,0
DA:139,0
DA:140,0
DA:143,0
DA:144,0
DA:145,0
DA:148,0
DA:149,0
DA:152,0
DA:155,0
DA:157,0
DA:158,0
DA:159,0
DA:160,0
DA:161,0
DA:162,0
DA:164,0
DA:165,0
DA:168,0
DA:169,0
DA:170,0
DA:171,0
DA:172,0
DA:173,0
DA:176,0
DA:177,0
DA:178,0
DA:179,0
DA:180,0
DA:181,0
DA:184,0
DA:185,0
DA:186,0
DA:187,0
DA:188,0
DA:189,0
DA:192,0
DA:193,0
DA:196,0
DA:197,0
DA:198,0
DA:199,0
DA:200,0
DA:203,0
DA:206,0
DA:207,0
DA:210,0
DA:211,0
DA:212,0
DA:215,0
DA:216,0
DA:217,0
DA:220,0
DA:221,0
DA:222,0
DA:224,0
DA:225,0
DA:226,0
DA:227,0
DA:228,0
DA:229,0
DA:232,0
DA:233,0
DA:235,0
DA:238,0
DA:239,0
DA:241,0
DA:242,0
DA:243,0
DA:244,0
DA:246,0
DA:247,0
DA:250,0
DA:252,0
DA:253,0
DA:254,0
DA:255,0
DA:256,0
DA:257,0
DA:258,0
DA:259,0
DA:260,0
DA:261,0
DA:262,0
DA:263,0
DA:264,0
DA:265,0
DA:266,0
DA:267,0
DA:269,0
DA:271,0
DA:272,0
DA:273,0
DA:274,0
DA:275,0
DA:276,0
DA:277,0
DA:280,0
DA:281,0
DA:282,0
DA:283,0
DA:284,0
DA:286,0
DA:287,0
DA:288,0
DA:291,0
DA:292,0
DA:293,0
DA:294,0
DA:295,0
DA:296,0
DA:297,0
DA:298,0
DA:299,0
DA:300,0
DA:301,0
DA:302,0
DA:305,0
DA:306,0
DA:307,0
DA:308,0
DA:309,0
DA:310,0
DA:311,0
DA:312,0
DA:313,0
DA:314,0
DA:315,0
DA:316,0
DA:319,0
DA:320,0
DA:321,0
DA:322,0
DA:323,0
DA:324,0
DA:325,0
DA:326,0
DA:327,0
DA:328,0
DA:329,0
DA:330,0
DA:333,0
DA:335,0
DA:338,0
DA:339,0
DA:342,0
DA:343,0
DA:344,0
DA:345,0
DA:346,0
DA:347,0
DA:348,0
DA:349,0
DA:352,0
DA:355,0
DA:358,0
DA:361,0
DA:362,0
DA:363,0
DA:364,0
DA:367,0
DA:370,0
DA:373,0
DA:374,0
DA:375,0
DA:376,0
DA:377,0
DA:378,0
DA:380,0
DA:381,0
DA:382,0
DA:383,0
DA:384,0
DA:385,0
DA:386,0
DA:387,0
DA:389,0
DA:390,0
DA:391,0
DA:392,0
DA:393,0
DA:394,0
DA:395,0
DA:398,0
DA:399,0
DA:400,0
DA:401,0
DA:402,0
DA:403,0
DA:404,0
DA:405,0
DA:406,0
DA:407,0
DA:408,0
DA:409,0
DA:410,0
DA:411,0
DA:413,0
DA:416,0
DA:417,0
DA:418,0
DA:419,0
DA:420,0
DA:421,0
DA:422,0
DA:423,0
DA:424,0
DA:425,0
DA:428,0
DA:429,0
DA:430,0
DA:431,0
DA:432,0
DA:433,0
DA:437,0
DA:438,0
DA:439,0
DA:440,0
DA:442,0
DA:443,0
DA:446,0
DA:447,0
DA:449,0
DA:451,0
DA:452,0
DA:453,0
DA:454,0
DA:455,0
DA:456,0
DA:461,0
DA:462,0
DA:464,0
DA:465,0
DA:468,0
DA:469,0
DA:472,0
DA:474,0
DA:475,0
DA:476,0
DA:479,0
DA:480,0
DA:481,0
DA:482,0
DA:483,0
DA:485,0
DA:486,0
DA:487,0
DA:488,0
DA:489,0
DA:492,0
DA:493,0
DA:494,0
DA:495,0
DA:496,0
DA:501,0
DA:508,0
DA:509,0
DA:511,0
DA:512,0
DA:513,0
DA:514,0
DA:516,0
DA:517,0
DA:518,0
DA:519,0
DA:520,0
DA:521,0
DA:522,0
DA:523,0
DA:524,0
LF:330
LH:0
BRDA:1,0,0,0
BRF:1
BRH:0
end_of_record
TN:
SF:src/lib/astronomy/airmass.ts
FN:8,calculateAirmass
FN:23,getAltitudeQuality
FN:34,getCardinalDirection
FNF:3
FNH:1
FNDA:357,calculateAirmass
FNDA:0,getAltitudeQuality
FNDA:0,getCardinalDirection
DA:8,1
DA:9,357
DA:10,357
DA:12,357
DA:13,357
DA:14,357
DA:15,357
DA:17,357
DA:18,357
DA:23,1
DA:24,0
DA:25,0
DA:26,0
DA:27,0
DA:28,0
DA:29,0
DA:34,1
DA:35,0
DA:36,0
DA:37,0
DA:38,0
DA:39,0
LF:22
LH:11
BRDA:8,0,0,357
BRDA:9,1,0,0
BRDA:10,2,0,0
BRF:3
BRH:1
end_of_record
TN:
SF:src/lib/astronomy/calculator.test.ts
FNF:0
FNH:0
DA:1,1
DA:2,1
DA:3,1
DA:5,1
DA:6,1
DA:7,1
DA:8,1
DA:9,1
DA:11,1
DA:13,1
DA:14,1
DA:15,1
DA:17,1
DA:19,1
DA:20,1
DA:21,1
DA:23,1
DA:24,1
DA:25,1
DA:26,1
DA:27,1
DA:29,1
DA:31,1
DA:32,1
DA:33,1
DA:35,1
DA:38,1
DA:39,1
DA:41,1
DA:42,1
DA:43,1
DA:44,1
DA:45,1
DA:47,1
DA:48,1
DA:49,1
DA:50,1
DA:51,1
DA:53,1
DA:54,53
DA:55,1
DA:57,1
DA:58,1
DA:59,1
DA:60,1
DA:61,1
DA:62,1
DA:64,1
DA:65,1
DA:66,1
DA:67,1
DA:68,1
DA:70,1
DA:71,1
DA:72,1
DA:73,1
DA:75,1
DA:76,1
DA:77,1
DA:78,1
DA:79,1
DA:80,1
DA:81,1
DA:82,1
DA:84,1
DA:85,1
DA:86,1
DA:88,1
DA:89,1
DA:91,1
DA:92,1
DA:93,1
DA:95,1
DA:96,1
DA:98,1
DA:99,1
DA:100,1
DA:102,1
DA:103,1
DA:104,1
DA:106,1
DA:107,1
DA:108,1
DA:110,1
DA:111,1
DA:112,1
DA:113,1
DA:115,1
DA:116,1
DA:117,1
DA:118,1
DA:120,1
DA:121,1
DA:122,1
DA:123,1
DA:124,1
DA:126,1
DA:127,1
DA:128,1
DA:130,1
DA:131,1
DA:132,1
DA:134,1
DA:135,1
DA:136,1
DA:138,1
DA:139,1
DA:140,1
DA:141,1
DA:143,1
DA:144,1
DA:145,1
DA:146,1
DA:147,1
DA:149,1
DA:150,1
DA:151,1
DA:153,1
DA:154,1
DA:156,1
DA:157,1
DA:159,1
DA:160,1
DA:161,1
DA:163,1
DA:164,1
DA:165,1
DA:166,1
DA:168,1
DA:169,1
DA:171,1
DA:172,1
DA:173,1
DA:175,1
DA:176,1
DA:177,1
DA:178,1
DA:180,1
DA:181,1
DA:183,1
DA:184,1
DA:186,1
DA:187,1
DA:188,1
DA:190,1
DA:191,1
DA:192,1
DA:193,1
DA:195,1
DA:196,1
DA:197,1
DA:198,1
DA:199,1
DA:201,1
DA:202,1
DA:203,1
DA:204,1
DA:206,1
DA:207,1
DA:208,1
DA:210,1
DA:211,1
DA:212,1
DA:214,1
DA:215,1
DA:217,1
DA:218,1
DA:219,1
DA:221,1
DA:222,1
DA:223,1
DA:224,1
DA:226,1
DA:227,1
DA:229,1
DA:230,1
DA:231,1
DA:233,1
DA:234,1
DA:235,1
DA:236,1
DA:237,1
DA:239,1
DA:240,1
DA:241,1
DA:243,1
DA:245,1
DA:247,1
DA:248,1
DA:249,1
DA:250,1
DA:252,1
DA:253,1
DA:254,1
DA:255,1
DA:257,1
DA:258,1
DA:260,1
DA:261,1
DA:262,1
DA:264,1
DA:265,1
DA:266,1
DA:267,1
DA:268,1
DA:270,1
DA:271,1
DA:272,1
DA:273,1
DA:275,1
DA:276,1
DA:277,1
DA:279,1
DA:280,1
DA:281,1
DA:284,1
DA:285,1
DA:287,1
DA:288,1
DA:289,1
DA:292,1
DA:293,1
DA:294,1
DA:296,1
DA:297,1
DA:298,1
DA:299,1
DA:301,1
DA:302,1
DA:303,1
DA:305,1
DA:306,1
DA:307,1
DA:308,1
DA:310,1
DA:311,1
DA:313,1
DA:314,1
DA:315,1
DA:317,1
DA:318,1
DA:320,1
DA:321,1
DA:322,1
DA:324,1
DA:325,1
DA:326,1
DA:327,1
DA:329,1
DA:331,1
DA:332,1
DA:333,1
DA:335,1
DA:336,1
DA:337,1
DA:339,1
DA:340,1
DA:342,1
DA:343,1
DA:344,1
DA:345,1
DA:346,1
DA:348,1
DA:349,1
DA:350,1
DA:351,1
DA:353,1
DA:354,1
DA:355,1
DA:356,1
DA:358,1
DA:359,1
DA:361,1
DA:363,1
DA:364,1
DA:366,1
DA:367,1
DA:368,1
DA:370,1
DA:371,1
DA:372,1
DA:375,1
DA:376,1
DA:377,1
DA:379,1
DA:380,1
DA:381,1
DA:382,1
DA:384,1
DA:385,1
DA:386,1
DA:387,1
DA:388,1
DA:390,1
DA:391,1
DA:392,1
DA:395,1
DA:396,1
DA:398,1
DA:399,1
DA:400,1
DA:402,1
DA:403,1
DA:405,1
DA:406,1
DA:407,1
DA:409,1
DA:410,1
DA:412,1
DA:413,1
DA:414,1
DA:417,1
DA:418,0
DA:419,1
DA:420,1
DA:421,1
DA:422,1
DA:424,1
DA:425,1
DA:426,1
DA:428,1
DA:430,1
DA:431,1
DA:432,1
DA:434,1
DA:435,1
DA:436,1
DA:437,1
DA:439,1
DA:440,1
DA:441,1
DA:442,1
DA:443,1
DA:444,1
DA:446,1
DA:447,1
DA:448,1
DA:449,1
DA:451,1
DA:452,1
DA:453,1
DA:455,1
DA:456,1
DA:457,1
DA:459,1
DA:460,1
DA:461,1
DA:463,1
DA:465,1
DA:466,1
DA:468,1
DA:469,1
DA:470,1
DA:471,1
DA:473,1
DA:474,1
DA:475,1
DA:476,1
DA:478,1
DA:479,1
DA:480,1
DA:481,1
DA:482,1
DA:484,1
DA:485,1
DA:486,1
DA:487,1
DA:488,1
DA:489,1
DA:491,1
DA:492,1
DA:493,1
DA:494,1
DA:495,1
DA:496,1
DA:498,1
DA:499,1
DA:500,1
DA:501,1
DA:502,1
DA:504,1
DA:505,1
DA:506,1
DA:507,1
DA:509,1
DA:510,1
DA:511,1
DA:512,1
DA:514,1
DA:515,1
DA:516,1
DA:518,1
DA:519,1
DA:521,1
DA:522,1
DA:523,1
DA:524,1
DA:526,1
DA:527,1
DA:528,1
DA:530,1
DA:532,1
DA:533,1
DA:534,1
DA:535,1
DA:536,1
DA:537,1
LF:407
LH:406
BRDA:5,0,0,1
BRDA:6,1,0,1
BRDA:11,2,0,1
BRDA:17,3,0,1
BRDA:23,4,0,1
BRDA:29,5,0,1
BRDA:35,6,0,1
BRDA:47,7,0,1
BRDA:53,8,0,53
BRDA:57,9,0,1
BRDA:58,10,0,1
BRDA:64,11,0,1
BRDA:70,12,0,1
BRDA:71,13,0,1
BRDA:84,14,0,1
BRDA:91,15,0,1
BRDA:98,16,0,1
BRDA:106,17,0,1
BRDA:115,18,0,1
BRDA:116,19,0,1
BRDA:126,20,0,1
BRDA:134,21,0,1
BRDA:143,22,0,1
BRDA:144,23,0,1
BRDA:149,24,0,1
BRDA:156,25,0,1
BRDA:163,26,0,1
BRDA:168,27,0,1
BRDA:175,28,0,1
BRDA:176,29,0,1
BRDA:183,30,0,1
BRDA:190,31,0,1
BRDA:191,32,0,1
BRDA:201,33,0,1
BRDA:202,34,0,1
BRDA:210,35,0,1
BRDA:221,36,0,1
BRDA:222,37,0,1
BRDA:229,38,0,1
BRDA:239,39,0,1
BRDA:252,40,0,1
BRDA:253,41,0,1
BRDA:260,42,0,1
BRDA:270,43,0,1
BRDA:271,44,0,1
BRDA:279,45,0,1
BRDA:287,46,0,1
BRDA:296,47,0,1
BRDA:297,48,0,1
BRDA:305,49,0,1
BRDA:313,50,0,1
BRDA:324,51,0,1
BRDA:325,52,0,1
BRDA:335,53,0,1
BRDA:342,54,0,1
BRDA:353,55,0,1
BRDA:354,56,0,1
BRDA:361,57,0,1
BRDA:370,58,0,1
BRDA:379,59,0,1
BRDA:380,60,0,1
BRDA:390,61,0,1
BRDA:398,62,0,1
BRDA:405,63,0,1
BRDA:412,64,0,1
BRDA:417,65,0,0
BRDA:424,66,0,1
BRDA:434,67,0,1
BRDA:435,68,0,1
BRDA:446,69,0,1
BRDA:447,70,0,1
BRDA:455,71,0,1
BRDA:463,72,0,1
BRDA:473,73,0,1
BRDA:474,74,0,1
BRDA:484,75,0,1
BRDA:485,76,0,1
BRDA:498,77,0,1
BRDA:509,78,0,1
BRDA:510,79,0,1
BRDA:518,80,0,1
BRDA:521,81,0,1
BRDA:526,82,0,1
BRF:83
BRH:82
end_of_record
TN:
SF:src/lib/astronomy/calculator.ts
FN:10,angularSeparation
FN:40,<instance_members_initializer>
FN:42,SkyCalculator
FN:49,getNightInfo
FN:121,getAltAz
FN:138,getMoonPosition
FN:157,getSunPosition
FN:170,getMoonSeparation
FN:184,findAltitudeWindow
FN:204,calculateVisibility
FN:291,calculatePlanetVisibility
FN:394,calculateMilkyWayVisibility
FN:413,calculateMoonVisibility
FN:471,getLatitude
FN:478,getLongitude
FN:485,getElevation
FN:495,getAtmosphericRefraction
FN:514,getApparentAltitude
FN:528,getHourAngle
FN:536,getHourAngleForRA
FN:554,getMeridianTransitTime
FN:569,getMeridianTransitTimeForRA
FN:595,getSunAngle
FN:602,getSunAngleForPosition
FN:614,getHeliocentricDistance
FN:621,getGeocentricDistance
FN:630,getSaturnRingInfo
FNF:27
FNH:25
FNDA:16,angularSeparation
FNDA:54,<instance_members_initializer>
FNDA:54,SkyCalculator
FNDA:10,getNightInfo
FNDA:139,getAltAz
FNDA:1,getMoonPosition
FNDA:9,getSunPosition
FNDA:5,getMoonSeparation
FNDA:12,findAltitudeWindow
FNDA:2,calculateVisibility
FNDA:3,calculatePlanetVisibility
FNDA:0,calculateMilkyWayVisibility
FNDA:0,calculateMoonVisibility
FNDA:1,getLatitude
FNDA:1,getLongitude
FNDA:2,getElevation
FNDA:8,getAtmosphericRefraction
FNDA:2,getApparentAltitude
FNDA:2,getHourAngle
FNDA:3,getHourAngleForRA
FNDA:3,getMeridianTransitTime
FNDA:2,getMeridianTransitTimeForRA
FNDA:3,getSunAngle
FNDA:4,getSunAngleForPosition
FNDA:5,getHeliocentricDistance
FNDA:3,getGeocentricDistance
FNDA:6,getSaturnRingInfo
DA:1,1
DA:10,1
DA:11,16
DA:12,16
DA:13,16
DA:14,16
DA:16,16
DA:17,16
DA:18,16
DA:19,16
DA:21,16
DA:23,16
DA:24,16
DA:25,16
DA:26,16
DA:27,16
DA:28,16
DA:29,16
DA:30,16
DA:32,16
DA:33,16
DA:34,16
DA:36,16
DA:37,16
DA:39,1
DA:40,1
DA:42,1
DA:43,54
DA:44,54
DA:49,1
DA:51,10
DA:52,10
DA:53,10
DA:54,10
DA:57,10
DA:58,10
DA:59,10
DA:60,10
DA:61,10
DA:62,10
DA:65,10
DA:66,10
DA:67,10
DA:68,10
DA:69,10
DA:70,10
DA:72,10
DA:73,10
DA:76,10
DA:77,10
DA:80,10
DA:82,10
DA:86,10
DA:87,10
DA:88,0
DA:89,10
DA:90,10
DA:91,10
DA:94,10
DA:95,10
DA:96,10
DA:97,10
DA:98,10
DA:99,10
DA:101,10
DA:102,10
DA:103,10
DA:104,10
DA:105,10
DA:106,10
DA:107,10
DA:108,10
DA:109,10
DA:110,10
DA:112,10
DA:113,10
DA:114,10
DA:115,10
DA:116,10
DA:121,1
DA:124,139
DA:125,139
DA:126,139
DA:127,139
DA:129,139
DA:130,139
DA:131,139
DA:132,139
DA:133,139
DA:138,1
DA:139,1
DA:140,1
DA:141,1
DA:142,1
DA:143,1
DA:144,1
DA:146,1
DA:147,1
DA:148,1
DA:149,1
DA:150,1
DA:151,1
DA:152,1
DA:157,1
DA:158,9
DA:159,9
DA:160,9
DA:161,9
DA:162,9
DA:163,9
DA:164,9
DA:165,9
DA:170,1
DA:171,5
DA:172,5
DA:173,5
DA:175,5
DA:176,5
DA:177,5
DA:178,5
DA:179,5
DA:184,1
DA:185,12
DA:186,12
DA:187,12
DA:188,12
DA:189,12
DA:191,12
DA:192,816
DA:193,150
DA:194,150
DA:195,150
DA:196,816
DA:198,12
DA:199,12
DA:204,1
DA:205,2
DA:206,2
DA:207,2
DA:208,2
DA:209,2
DA:210,2
DA:219,2
DA:220,2
DA:221,2
DA:222,2
DA:223,2
DA:224,2
DA:227,2
DA:228,2
DA:229,2
DA:231,2
DA:232,136
DA:233,136
DA:235,136
DA:237,136
DA:238,118
DA:239,118
DA:240,118
DA:241,118
DA:242,136
DA:245,2
DA:246,2
DA:247,2
DA:250,2
DA:251,2
DA:252,0
DA:254,2
DA:255,2
DA:256,2
DA:257,2
DA:258,2
DA:259,2
DA:260,2
DA:261,2
DA:262,2
DA:263,2
DA:264,2
DA:265,2
DA:266,2
DA:267,2
DA:268,2
DA:269,2
DA:270,2
DA:271,2
DA:272,2
DA:273,2
DA:274,2
DA:275,2
DA:276,2
DA:277,2
DA:278,2
DA:279,2
DA:280,2
DA:281,2
DA:282,2
DA:283,2
DA:284,2
DA:285,2
DA:286,2
DA:291,1
DA:292,3
DA:293,3
DA:294,3
DA:295,3
DA:296,3
DA:297,3
DA:298,3
DA:299,3
DA:300,3
DA:301,3
DA:302,3
DA:303,3
DA:305,3
DA:306,3
DA:307,1
DA:308,1
DA:310,2
DA:311,2
DA:312,2
DA:313,2
DA:314,2
DA:315,2
DA:317,2
DA:318,2
DA:319,2
DA:321,3
DA:322,136
DA:323,136
DA:324,136
DA:325,136
DA:326,136
DA:328,136
DA:330,136
DA:331,41
DA:332,41
DA:333,41
DA:336,41
DA:337,41
DA:338,41
DA:339,41
DA:340,136
DA:342,2
DA:343,2
DA:344,2
DA:346,2
DA:347,2
DA:348,2
DA:349,2
DA:350,2
DA:351,0
DA:353,3
DA:354,3
DA:355,2
DA:356,0
DA:358,3
DA:359,3
DA:360,3
DA:361,3
DA:362,3
DA:363,3
DA:364,3
DA:365,3
DA:366,3
DA:367,3
DA:368,3
DA:369,3
DA:370,3
DA:371,3
DA:372,3
DA:373,3
DA:374,3
DA:375,3
DA:376,3
DA:377,3
DA:378,3
DA:379,3
DA:380,3
DA:381,3
DA:382,3
DA:383,3
DA:384,3
DA:385,3
DA:386,3
DA:387,3
DA:388,3
DA:394,1
DA:395,0
DA:396,0
DA:398,0
DA:399,0
DA:400,0
DA:401,0
DA:402,0
DA:403,0
DA:404,0
DA:405,0
DA:406,0
DA:407,0
DA:408,0
DA:413,1
DA:414,0
DA:415,0
DA:416,0
DA:417,0
DA:419,0
DA:420,0
DA:421,0
DA:423,0
DA:424,0
DA:425,0
DA:427,0
DA:429,0
DA:430,0
DA:431,0
DA:432,0
DA:433,0
DA:434,0
DA:436,0
DA:437,0
DA:438,0
DA:439,0
DA:440,0
DA:441,0
DA:442,0
DA:443,0
DA:444,0
DA:445,0
DA:446,0
DA:447,0
DA:448,0
DA:449,0
DA:450,0
DA:451,0
DA:452,0
DA:453,0
DA:454,0
DA:455,0
DA:456,0
DA:457,0
DA:458,0
DA:459,0
DA:460,0
DA:461,0
DA:462,0
DA:463,0
DA:464,0
DA:465,0
DA:466,0
DA:471,1
DA:472,1
DA:473,1
DA:478,1
DA:479,1
DA:480,1
DA:485,1
DA:486,2
DA:487,2
DA:495,1
DA:496,8
DA:497,1
DA:498,1
DA:501,7
DA:504,7
DA:507,7
DA:508,8
DA:514,1
DA:515,2
DA:516,2
DA:517,2
DA:528,1
DA:529,2
DA:530,2
DA:536,1
DA:537,3
DA:538,3
DA:541,3
DA:542,3
DA:544,3
DA:545,3
DA:554,1
DA:555,3
DA:557,3
DA:558,3
DA:559,3
DA:560,0
DA:561,0
DA:562,0
DA:563,3
DA:569,1
DA:571,2
DA:574,2
DA:577,2
DA:578,2
DA:581,2
DA:583,2
DA:584,2
DA:586,2
DA:587,2
DA:595,1
DA:596,3
DA:597,3
DA:602,1
DA:603,4
DA:605,4
DA:606,4
DA:607,4
DA:608,4
DA:609,4
DA:614,1
DA:615,5
DA:616,5
DA:621,1
DA:622,3
DA:623,3
DA:624,3
DA:630,1
DA:631,6
DA:632,6
DA:636,6
DA:637,6
DA:638,6
DA:640,6
DA:641,0
DA:642,0
DA:643,6
DA:644,6
DA:645,6
DA:646,6
DA:647,0
DA:648,0
DA:649,0
DA:650,0
DA:651,0
DA:652,0
DA:653,0
DA:654,0
DA:655,0
DA:657,6
DA:658,6
DA:659,6
DA:660,6
DA:661,6
DA:662,6
DA:663,6
DA:664,1
LF:446
LH:367
BRDA:10,0,0,16
BRDA:40,1,0,54
BRDA:42,2,0,54
BRDA:49,3,0,10
BRDA:54,4,0,0
BRDA:62,5,0,0
BRDA:72,6,0,0
BRDA:73,7,0,0
BRDA:87,8,0,0
BRDA:109,9,0,0
BRDA:110,10,0,0
BRDA:121,11,0,139
BRDA:138,12,0,1
BRDA:157,13,0,9
BRDA:170,14,0,5
BRDA:184,15,0,12
BRDA:191,16,0,816
BRDA:192,17,0,150
BRDA:193,18,0,6
BRDA:198,19,0,6
BRDA:198,20,0,6
BRDA:198,21,0,6
BRDA:204,22,0,2
BRDA:231,23,0,136
BRDA:237,24,0,118
BRDA:251,25,0,0
BRDA:260,26,0,0
BRDA:261,27,0,0
BRDA:262,28,0,0
BRDA:263,29,0,0
BRDA:264,30,0,0
BRDA:265,31,0,0
BRDA:269,32,0,0
BRDA:291,33,0,3
BRDA:306,34,0,1
BRDA:308,35,0,2
BRDA:321,36,0,136
BRDA:330,37,0,41
BRDA:340,38,0,2
BRDA:350,39,0,0
BRDA:354,40,0,2
BRDA:355,41,0,0
BRDA:364,42,0,0
BRDA:364,43,0,2
BRDA:365,44,0,0
BRDA:365,45,0,2
BRDA:366,46,0,0
BRDA:366,47,0,2
BRDA:367,48,0,0
BRDA:367,49,0,2
BRDA:368,50,0,0
BRDA:368,51,0,2
BRDA:369,52,0,0
BRDA:369,53,0,2
BRDA:371,54,0,2
BRDA:373,55,0,2
BRDA:373,56,0,0
BRDA:380,57,0,2
BRDA:380,58,0,0
BRDA:384,59,0,2
BRDA:384,60,0,0
BRDA:385,61,0,2
BRDA:385,62,0,0
BRDA:347,63,0,2
BRDA:471,64,0,1
BRDA:478,65,0,1
BRDA:485,66,0,2
BRDA:495,67,0,8
BRDA:496,68,0,1
BRDA:498,69,0,7
BRDA:514,70,0,2
BRDA:528,71,0,2
BRDA:536,72,0,3
BRDA:541,73,0,2
BRDA:542,74,0,0
BRDA:554,75,0,3
BRDA:558,76,0,0
BRDA:559,77,0,0
BRDA:569,78,0,2
BRDA:578,79,0,0
BRDA:595,80,0,3
BRDA:602,81,0,4
BRDA:614,82,0,5
BRDA:621,83,0,3
BRDA:630,84,0,6
BRDA:632,85,0,0
BRDA:640,86,0,0
BRDA:646,87,0,0
BRF:88
BRH:54
end_of_record
TN:
SF:src/lib/astronomy/constellations.ts
FN:1,(empty-report)
FNF:1
FNH:0
FNDA:0,(empty-report)
DA:1,0
DA:9,0
DA:10,0
DA:11,0
DA:12,0
DA:13,0
DA:14,0
DA:15,0
DA:16,0
DA:17,0
DA:25,0
DA:26,0
DA:27,0
DA:28,0
DA:29,0
DA:30,0
DA:31,0
DA:32,0
DA:33,0
DA:34,0
DA:35,0
DA:36,0
DA:37,0
DA:38,0
DA:39,0
DA:44,0
DA:45,0
DA:46,0
DA:47,0
DA:48,0
DA:49,0
DA:50,0
DA:51,0
DA:52,0
DA:53,0
DA:54,0
DA:55,0
DA:56,0
LF:38
LH:0
BRDA:1,0,0,0
BRF:1
BRH:0
end_of_record
TN:
SF:src/lib/astronomy/elongation.ts
FN:1,(empty-report)
FNF:1
FNH:0
FNDA:0,(empty-report)
DA:1,0
DA:5,0
DA:6,0
DA:7,0
DA:8,0
DA:11,0
DA:16,0
DA:17,0
DA:18,0
DA:19,0
DA:20,0
DA:21,0
DA:22,0
DA:23,0
DA:24,0
DA:25,0
DA:26,0
DA:27,0
DA:28,0
DA:29,0
DA:30,0
DA:35,0
DA:36,0
DA:37,0
DA:38,0
DA:39,0
DA:40,0
DA:41,0
DA:43,0
DA:44,0
DA:45,0
DA:47,0
DA:48,0
DA:49,0
DA:50,0
DA:51,0
DA:52,0
DA:53,0
DA:58,0
DA:59,0
DA:60,0
DA:61,0
DA:69,0
DA:70,0
DA:72,0
DA:75,0
DA:76,0
DA:77,0
DA:79,0
DA:80,0
DA:83,0
DA:84,0
DA:85,0
DA:86,0
DA:87,0
DA:88,0
DA:89,0
DA:90,0
DA:91,0
DA:92,0
DA:93,0
DA:96,0
DA:97,0
DA:98,0
DA:100,0
DA:101,0
DA:102,0
DA:103,0
DA:104,0
DA:105,0
DA:106,0
DA:107,0
DA:108,0
DA:110,0
DA:111,0
DA:112,0
DA:113,0
DA:114,0
DA:115,0
DA:116,0
DA:117,0
DA:118,0
DA:119,0
DA:120,0
DA:121,0
DA:122,0
DA:123,0
DA:124,0
DA:125,0
DA:126,0
DA:127,0
DA:128,0
DA:129,0
DA:134,0
DA:135,0
DA:136,0
DA:137,0
DA:138,0
DA:139,0
DA:141,0
DA:142,0
DA:144,0
DA:145,0
DA:146,0
DA:147,0
DA:148,0
DA:149,0
DA:150,0
DA:151,0
DA:152,0
DA:153,0
DA:155,0
DA:156,0
DA:161,0
DA:162,0
DA:163,0
DA:164,0
DA:165,0
DA:166,0
DA:167,0
DA:169,0
DA:171,0
DA:173,0
DA:174,0
DA:175,0
DA:176,0
DA:177,0
DA:178,0
DA:183,0
DA:184,0
DA:185,0
DA:186,0
DA:187,0
DA:192,0
DA:193,0
DA:194,0
DA:195,0
LF:137
LH:0
BRDA:1,0,0,0
BRF:1
BRH:0
end_of_record
TN:
SF:src/lib/astronomy/galilean-moons.ts
FN:1,(empty-report)
FNF:1
FNH:0
FNDA:0,(empty-report)
DA:1,0
DA:15,0
DA:16,0
DA:17,0
DA:18,0
DA:21,0
DA:24,0
DA:25,0
DA:26,0
DA:27,0
DA:28,0
DA:29,0
DA:31,0
DA:34,0
DA:35,0
DA:36,0
DA:41,0
DA:42,0
DA:47,0
DA:49,0
DA:50,0
DA:51,0
DA:52,0
DA:53,0
DA:54,0
DA:55,0
DA:56,0
DA:57,0
DA:59,0
DA:60,0
DA:61,0
DA:62,0
DA:63,0
DA:64,0
DA:70,0
DA:71,0
DA:72,0
DA:73,0
DA:74,0
DA:75,0
DA:76,0
DA:79,0
DA:80,0
DA:82,0
DA:83,0
DA:84,0
DA:86,0
DA:87,0
DA:88,0
DA:91,0
DA:92,0
DA:93,0
DA:94,0
DA:95,0
DA:96,0
DA:97,0
DA:100,0
DA:101,0
DA:102,0
DA:103,0
DA:104,0
DA:105,0
DA:106,0
DA:109,0
DA:110,0
DA:111,0
DA:112,0
DA:113,0
DA:114,0
DA:115,0
DA:118,0
DA:119,0
DA:120,0
DA:121,0
DA:122,0
DA:123,0
DA:124,0
DA:126,0
DA:127,0
DA:128,0
DA:129,0
DA:132,0
DA:133,0
DA:138,0
DA:139,0
DA:140,0
DA:141,0
DA:142,0
DA:143,0
DA:144,0
DA:146,0
DA:148,0
DA:149,0
DA:150,0
DA:152,0
DA:153,0
DA:155,0
DA:156,0
DA:157,0
DA:158,0
DA:159,0
DA:160,0
DA:165,0
DA:166,0
DA:167,0
DA:168,0
DA:169,0
DA:170,0
DA:171,0
DA:172,0
DA:173,0
DA:174,0
DA:175,0
DA:176,0
DA:177,0
DA:178,0
DA:184,0
DA:185,0
DA:186,0
DA:187,0
DA:188,0
DA:189,0
DA:190,0
DA:192,0
DA:193,0
DA:194,0
LF:126
LH:0
BRDA:1,0,0,0
BRF:1
BRH:0
end_of_record
TN:
SF:src/lib/astronomy/imaging-windows.test.ts
FN:12,createMockVisibility
FN:57,createMockNightInfo
FN:78,createMockWeather
FNF:3
FNH:3
FNDA:10,createMockVisibility
FNDA:10,createMockNightInfo
FNDA:11,createMockWeather
DA:1,1
DA:7,1
DA:10,1
DA:12,1
DA:13,10
DA:14,10
DA:17,10
DA:18,480
DA:20,480
DA:21,480
DA:22,480
DA:23,480
DA:25,10
DA:26,10
DA:27,10
DA:28,10
DA:29,10
DA:30,10
DA:31,10
DA:32,10
DA:33,10
DA:34,10
DA:35,10
DA:36,10
DA:37,10
DA:38,10
DA:39,10
DA:40,10
DA:41,10
DA:42,10
DA:43,10
DA:44,10
DA:45,10
DA:46,10
DA:47,10
DA:48,10
DA:49,10
DA:50,10
DA:51,10
DA:52,10
DA:53,10
DA:54,10
DA:55,10
DA:57,1
DA:58,10
DA:59,10
DA:60,10
DA:62,10
DA:63,10
DA:64,10
DA:65,10
DA:66,10
DA:67,10
DA:68,10
DA:69,10
DA:70,10
DA:71,10
DA:72,10
DA:73,10
DA:74,10
DA:75,10
DA:76,10
DA:78,1
DA:79,11
DA:80,11
DA:81,11
DA:82,11
DA:83,11
DA:84,11
DA:85,11
DA:86,11
DA:87,11
DA:88,11
DA:89,11
DA:90,11
DA:91,11
DA:92,11
DA:93,11
DA:94,11
DA:95,11
DA:96,11
DA:97,11
DA:98,11
DA:99,11
DA:100,11
DA:101,11
DA:102,11
DA:103,11
DA:104,11
DA:105,11
DA:106,11
DA:107,11
DA:108,11
DA:110,1
DA:111,1
DA:112,1
DA:113,1
DA:115,1
DA:116,1
DA:117,1
DA:118,1
DA:119,1
DA:121,1
DA:122,1
DA:124,1
DA:125,1
DA:126,1
DA:127,1
DA:129,1
DA:131,1
DA:132,1
DA:134,1
DA:135,1
DA:136,1
DA:137,1
DA:139,1
DA:141,1
DA:142,1
DA:143,1
DA:144,1
DA:146,1
DA:147,1
DA:148,1
DA:149,1
DA:151,1
DA:153,1
DA:154,1
DA:155,1
DA:156,1
DA:157,1
DA:158,1
DA:159,1
DA:161,1
DA:162,1
DA:163,1
DA:164,1
DA:166,1
DA:168,1
DA:169,0
DA:170,0
DA:171,1
DA:173,1
DA:174,1
DA:175,1
DA:176,1
DA:177,1
DA:179,1
DA:180,1
DA:183,1
DA:184,1
DA:185,1
DA:186,1
DA:187,1
DA:189,1
DA:190,1
DA:191,1
DA:192,1
DA:193,1
DA:195,1
DA:198,1
DA:199,1
DA:201,1
DA:202,1
DA:203,1
DA:204,1
DA:206,1
DA:207,1
DA:209,1
DA:210,1
DA:211,1
DA:212,1
DA:213,1
DA:215,1
DA:216,1
DA:217,1
DA:218,1
DA:219,1
DA:220,1
DA:221,1
DA:222,1
DA:223,1
DA:224,1
DA:225,1
DA:226,1
DA:227,1
DA:228,1
DA:230,1
DA:232,1
DA:233,1
DA:234,1
DA:235,1
DA:237,1
DA:238,1
DA:239,1
DA:240,1
DA:242,1
DA:243,1
DA:245,1
DA:247,1
DA:248,1
DA:250,1
DA:251,1
DA:252,1
DA:253,1
DA:255,1
DA:257,1
DA:258,1
DA:259,1
DA:260,1
DA:261,1
DA:262,1
LF:211
LH:209
BRDA:10,0,0,1
BRDA:12,1,0,10
BRDA:17,2,0,480
BRDA:57,3,0,10
BRDA:78,4,0,11
BRDA:110,5,0,1
BRDA:111,6,0,1
BRDA:124,7,0,1
BRDA:134,8,0,1
BRDA:146,9,0,1
BRDA:161,10,0,1
BRDA:168,11,0,0
BRDA:173,12,0,1
BRDA:189,13,0,1
BRDA:190,14,0,1
BRDA:198,15,0,0
BRDA:201,16,0,1
BRDA:215,17,0,1
BRDA:216,18,0,1
BRDA:237,19,0,1
BRDA:238,20,0,1
BRDA:250,21,0,1
BRF:22
BRH:20
end_of_record
TN:
SF:src/lib/astronomy/imaging-windows.ts
FN:23,calculateAltitudeQuality
FN:36,calculateAirmassQuality
FN:53,calculateMoonInterferenceQuality
FN:79,calculateCloudQuality
FN:91,getQualityRating
FN:101,getHourlyWeatherAt
FN:111,estimateMoonAltitude
FN:143,calculateQualityAtTime
FN:189,calculateImagingWindows
FN:310,getBestImagingWindow
FN:322,formatImagingWindow
FN:342,getImagingWindowSummary
FNF:12
FNH:12
FNDA:353,calculateAltitudeQuality
FNDA:353,calculateAirmassQuality
FNDA:353,calculateMoonInterferenceQuality
FNDA:353,calculateCloudQuality
FNDA:9,getQualityRating
FNDA:353,getHourlyWeatherAt
FNDA:353,estimateMoonAltitude
FNDA:353,calculateQualityAtTime
FNDA:12,calculateImagingWindows
FNDA:4,getBestImagingWindow
FNDA:2,formatImagingWindow
FNDA:2,getImagingWindowSummary
DA:1,1
DA:7,1
DA:12,1
DA:13,1
DA:14,1
DA:15,1
DA:16,1
DA:17,1
DA:23,353
DA:24,353
DA:25,353
DA:26,353
DA:27,353
DA:28,353
DA:29,15
DA:30,15
DA:36,353
DA:37,353
DA:39,353
DA:41,353
DA:42,353
DA:43,353
DA:44,353
DA:45,36
DA:46,0
DA:47,0
DA:53,353
DA:54,353
DA:55,353
DA:56,353
DA:57,353
DA:59,353
DA:62,353
DA:65,353
DA:68,334
DA:69,334
DA:71,334
DA:73,334
DA:74,334
DA:79,353
DA:80,353
DA:81,353
DA:82,353
DA:83,353
DA:84,39
DA:85,0
DA:86,0
DA:91,9
DA:92,9
DA:93,9
DA:94,1
DA:95,0
DA:96,0
DA:101,353
DA:102,353
DA:104,353
DA:105,353
DA:106,353
DA:111,353
DA:112,353
DA:113,353
DA:114,353
DA:116,353
DA:117,353
DA:119,353
DA:121,353
DA:124,353
DA:125,353
DA:126,353
DA:128,353
DA:131,343
DA:132,343
DA:133,343
DA:137,353
DA:138,353
DA:143,353
DA:144,353
DA:145,353
DA:146,353
DA:147,353
DA:148,353
DA:149,353
DA:150,353
DA:151,353
DA:152,353
DA:153,353
DA:154,353
DA:155,353
DA:156,353
DA:157,353
DA:160,353
DA:161,353
DA:162,353
DA:165,353
DA:166,353
DA:167,353
DA:168,353
DA:169,353
DA:172,353
DA:173,353
DA:174,353
DA:175,353
DA:176,353
DA:177,353
DA:178,353
DA:179,353
DA:180,353
DA:181,353
DA:189,1
DA:190,12
DA:191,12
DA:192,12
DA:193,12
DA:194,12
DA:196,12
DA:197,2
DA:198,2
DA:201,10
DA:206,10
DA:208,12
DA:209,480
DA:211,353
DA:212,353
DA:213,353
DA:214,353
DA:215,353
DA:216,353
DA:217,353
DA:219,353
DA:220,353
DA:221,353
DA:222,353
DA:223,353
DA:224,353
DA:226,12
DA:229,9
DA:230,9
DA:231,9
DA:233,12
DA:234,353
DA:235,353
DA:237,353
DA:239,9
DA:240,9
DA:241,9
DA:242,353
DA:244,340
DA:245,340
DA:246,344
DA:248,1
DA:249,1
DA:251,1
DA:252,1
DA:255,1
DA:256,1
DA:257,1
DA:258,1
DA:259,1
DA:260,1
DA:262,1
DA:263,1
DA:264,1
DA:265,1
DA:266,1
DA:267,1
DA:268,1
DA:269,1
DA:271,1
DA:272,1
DA:273,1
DA:274,1
DA:275,353
DA:278,12
DA:279,8
DA:280,8
DA:282,8
DA:283,8
DA:284,8
DA:285,8
DA:286,8
DA:287,8
DA:288,8
DA:289,8
DA:291,8
DA:292,8
DA:293,8
DA:294,8
DA:295,8
DA:296,8
DA:297,8
DA:298,8
DA:299,8
DA:302,9
DA:304,9
DA:305,9
DA:310,1
DA:311,4
DA:312,4
DA:313,4
DA:314,4
DA:315,4
DA:316,4
DA:317,4
DA:322,1
DA:323,2
DA:324,2
DA:325,2
DA:326,2
DA:327,2
DA:328,2
DA:329,2
DA:330,2
DA:331,2
DA:332,2
DA:334,2
DA:336,2
DA:337,2
DA:342,1
DA:343,2
DA:344,2
DA:345,2
DA:346,2
DA:347,2
DA:349,2
DA:350,1
DA:351,1
DA:353,1
DA:354,1
LF:228
LH:222
BRDA:23,0,0,353
BRDA:24,1,0,0
BRDA:25,2,0,36
BRDA:25,3,0,317
BRDA:26,4,0,64
BRDA:26,5,0,253
BRDA:27,6,0,86
BRDA:27,7,0,167
BRDA:28,8,0,152
BRDA:28,9,0,15
BRDA:36,10,0,353
BRDA:37,11,0,0
BRDA:41,12,0,123
BRDA:41,13,0,230
BRDA:42,14,0,96
BRDA:42,15,0,134
BRDA:43,16,0,44
BRDA:43,17,0,90
BRDA:44,18,0,54
BRDA:44,19,0,36
BRDA:45,20,0,0
BRDA:53,21,0,353
BRDA:59,22,0,19
BRDA:59,23,0,334
BRDA:62,24,0,0
BRDA:62,25,0,334
BRDA:65,26,0,0
BRDA:65,27,0,334
BRDA:79,28,0,353
BRDA:80,29,0,236
BRDA:80,30,0,117
BRDA:81,31,0,78
BRDA:81,32,0,39
BRDA:82,33,0,0
BRDA:82,34,0,39
BRDA:83,35,0,0
BRDA:83,36,0,39
BRDA:84,37,0,0
BRDA:91,38,0,9
BRDA:92,39,0,0
BRDA:93,40,0,8
BRDA:93,41,0,1
BRDA:94,42,0,0
BRDA:101,43,0,353
BRDA:102,44,0,0
BRDA:111,45,0,353
BRDA:119,46,0,0
BRDA:119,47,0,0
BRDA:128,48,0,343
BRDA:128,49,0,10
BRDA:128,50,0,343
BRDA:133,51,0,0
BRDA:137,52,0,0
BRDA:143,53,0,353
BRDA:161,54,0,0
BRDA:161,55,0,0
BRDA:189,56,0,12
BRDA:196,57,0,11
BRDA:196,58,0,2
BRDA:198,59,0,10
BRDA:208,60,0,480
BRDA:209,61,0,127
BRDA:209,62,0,353
BRDA:224,63,0,10
BRDA:226,64,0,1
BRDA:226,65,0,9
BRDA:233,66,0,353
BRDA:237,67,0,349
BRDA:237,68,0,9
BRDA:242,69,0,344
BRDA:242,70,0,340
BRDA:242,71,0,340
BRDA:246,72,0,4
BRDA:246,73,0,1
BRDA:278,74,0,8
BRDA:278,75,0,8
BRDA:299,76,0,9
BRDA:252,77,0,35
BRDA:256,78,0,35
BRDA:257,79,0,35
BRDA:258,80,0,35
BRDA:259,81,0,35
BRDA:283,82,0,314
BRDA:285,83,0,314
BRDA:286,84,0,314
BRDA:287,85,0,314
BRDA:288,86,0,314
BRDA:310,87,0,4
BRDA:316,88,0,2
BRDA:316,89,0,2
BRDA:322,90,0,2
BRDA:342,91,0,2
BRDA:349,92,0,1
BRF:93
BRH:76
end_of_record
TN:
SF:src/lib/astronomy/libration.ts
FN:1,(empty-report)
FNF:1
FNH:0
FNDA:0,(empty-report)
DA:1,0
DA:5,0
DA:11,0
DA:12,0
DA:13,0
DA:16,0
DA:18,0
DA:19,0
DA:20,0
DA:21,0
DA:22,0
DA:23,0
DA:24,0
DA:25,0
DA:26,0
DA:27,0
DA:28,0
DA:29,0
DA:30,0
DA:31,0
DA:36,0
DA:37,0
DA:40,0
DA:41,0
DA:42,0
DA:43,0
DA:44,0
DA:45,0
DA:46,0
DA:49,0
DA:50,0
DA:51,0
DA:52,0
DA:53,0
DA:54,0
DA:55,0
DA:57,0
DA:58,0
DA:59,0
DA:61,0
DA:62,0
DA:67,0
DA:69,0
DA:70,0
DA:72,0
DA:73,0
DA:78,0
DA:79,0
DA:80,0
DA:81,0
DA:83,0
DA:88,0
DA:89,0
DA:92,0
DA:93,0
DA:94,0
DA:95,0
DA:98,0
DA:99,0
DA:100,0
DA:101,0
DA:104,0
DA:105,0
DA:106,0
DA:107,0
DA:110,0
DA:111,0
DA:112,0
DA:113,0
DA:115,0
DA:116,0
DA:121,0
DA:122,0
DA:123,0
DA:125,0
DA:126,0
LF:76
LH:0
BRDA:1,0,0,0
BRF:1
BRH:0
end_of_record
TN:
SF:src/lib/astronomy/lunar-apsis.ts
FN:1,(empty-report)
FNF:1
FNH:0
FNDA:0,(empty-report)
DA:1,0
DA:5,0
DA:6,0
DA:9,0
DA:13,0
DA:18,0
DA:19,0
DA:20,0
DA:21,0
DA:22,0
DA:23,0
DA:25,0
DA:26,0
DA:27,0
DA:28,0
DA:29,0
DA:30,0
DA:31,0
DA:32,0
DA:33,0
DA:34,0
DA:39,0
DA:40,0
DA:43,0
DA:44,0
DA:45,0
DA:47,0
DA:48,0
DA:49,0
DA:52,0
DA:53,0
DA:55,0
DA:56,0
DA:61,0
DA:63,0
DA:64,0
DA:65,0
DA:68,0
DA:71,0
DA:72,0
DA:74,0
DA:75,0
DA:80,0
DA:81,0
DA:82,0
DA:83,0
DA:84,0
DA:86,0
DA:87,0
DA:89,0
DA:90,0
DA:93,0
DA:95,0
DA:96,0
DA:97,0
DA:99,0
DA:101,0
DA:102,0
DA:103,0
DA:104,0
DA:105,0
DA:106,0
DA:107,0
DA:108,0
DA:109,0
DA:110,0
DA:111,0
DA:116,0
DA:121,0
DA:122,0
DA:123,0
DA:126,0
DA:127,0
DA:129,0
DA:130,0
DA:131,0
DA:132,0
DA:133,0
DA:134,0
DA:135,0
DA:136,0
DA:139,0
DA:140,0
DA:142,0
DA:144,0
DA:145,0
DA:146,0
DA:147,0
DA:148,0
DA:149,0
DA:150,0
DA:151,0
DA:153,0
DA:156,0
DA:158,0
DA:159,0
DA:160,0
DA:161,0
DA:162,0
DA:163,0
DA:164,0
DA:165,0
DA:166,0
DA:167,0
DA:168,0
DA:169,0
DA:170,0
DA:171,0
DA:172,0
DA:173,0
DA:178,0
DA:179,0
DA:181,0
DA:182,0
DA:183,0
DA:185,0
DA:186,0
DA:187,0
DA:188,0
DA:190,0
DA:191,0
LF:121
LH:0
BRDA:1,0,0,0
BRF:1
BRH:0
end_of_record
TN:
SF:src/lib/astronomy/lunar-nodes.test.ts
FNF:0
FNH:0
DA:1,1
DA:8,1
DA:10,1
DA:11,1
DA:12,1
DA:13,1
DA:14,1
DA:17,1
DA:18,1
DA:19,1
DA:20,1
DA:21,1
DA:22,1
DA:23,1
DA:24,1
DA:25,1
DA:26,1
DA:27,1
DA:28,1
DA:29,1
DA:31,1
DA:32,1
DA:33,1
DA:35,1
DA:36,1
DA:37,1
DA:38,1
DA:40,1
DA:41,1
DA:42,1
DA:44,1
DA:45,1
DA:46,1
DA:47,1
DA:48,1
DA:50,1
DA:52,1
DA:53,1
DA:55,1
DA:57,1
DA:58,1
DA:60,1
DA:61,1
DA:62,1
DA:63,1
DA:64,1
DA:65,1
DA:67,1
DA:68,1
DA:69,1
DA:70,1
DA:72,1
DA:73,1
DA:75,1
DA:76,1
DA:77,1
DA:78,1
DA:82,1
DA:84,1
DA:85,1
DA:87,1
DA:88,13
DA:89,13
DA:90,1
DA:92,1
DA:93,1
DA:94,1
DA:98,1
DA:99,1
DA:101,1
DA:102,1
DA:103,1
DA:105,1
DA:106,5
DA:107,5
DA:108,5
DA:109,5
DA:110,5
DA:111,5
DA:112,1
DA:113,1
DA:115,1
DA:116,1
DA:117,1
DA:118,1
DA:120,1
DA:121,1
DA:123,1
DA:124,1
DA:125,1
DA:126,1
DA:128,1
DA:129,1
DA:130,1
DA:131,1
DA:132,1
DA:134,1
DA:135,1
DA:136,1
DA:137,1
DA:138,1
DA:139,1
DA:140,1
DA:141,1
DA:142,1
DA:144,1
DA:146,1
DA:147,1
DA:148,1
DA:149,1
DA:151,1
DA:152,1
DA:153,1
DA:154,1
DA:155,1
DA:156,1
DA:157,1
DA:158,1
DA:160,1
DA:161,1
DA:162,1
DA:163,1
DA:164,1
DA:165,1
DA:166,1
DA:168,1
DA:170,1
DA:171,1
DA:172,1
DA:174,1
DA:175,1
DA:176,1
DA:177,1
DA:178,1
DA:179,1
DA:180,1
DA:181,1
DA:183,1
DA:184,1
DA:185,1
DA:186,1
DA:187,1
DA:188,1
DA:189,1
DA:191,1
DA:193,1
DA:194,1
DA:195,1
DA:197,1
DA:198,1
DA:199,1
DA:200,1
DA:202,1
DA:203,1
DA:204,1
DA:205,1
DA:206,1
DA:207,1
DA:208,1
DA:209,1
DA:210,1
DA:212,1
DA:213,1
DA:214,1
DA:216,1
DA:217,1
DA:218,1
DA:219,1
DA:221,1
DA:222,1
DA:223,1
DA:225,1
DA:226,1
DA:227,1
DA:228,1
DA:230,1
DA:232,1
DA:233,1
DA:235,1
DA:236,1
DA:237,1
DA:238,1
DA:239,1
DA:240,1
LF:184
LH:184
BRDA:10,0,0,1
BRDA:11,1,0,1
BRDA:12,2,0,1
BRDA:31,3,0,1
BRDA:40,4,0,1
BRDA:50,5,0,1
BRDA:67,6,0,1
BRDA:68,7,0,1
BRDA:75,8,0,1
BRDA:87,9,0,13
BRDA:92,10,0,1
BRDA:101,11,0,1
BRDA:105,12,0,5
BRDA:115,13,0,1
BRDA:116,14,0,1
BRDA:123,15,0,1
BRDA:134,16,0,1
BRDA:135,17,0,1
BRDA:151,18,0,1
BRDA:174,19,0,1
BRDA:197,20,0,1
BRDA:198,21,0,1
BRDA:212,22,0,1
BRDA:221,23,0,1
BRDA:230,24,0,1
BRF:25
BRH:25
end_of_record
TN:
SF:src/lib/astronomy/lunar-nodes.ts
FN:13,searchNextMoonNode
FN:25,searchPreviousMoonNode
FN:47,getEclipseSeasonInfo
FN:121,getUpcomingEclipseSeasons
FN:157,isInEclipseSeason
FN:165,getEclipseSeasonDescription
FN:187,getNextNodeCrossing
FNF:7
FNH:7
FNDA:23,searchNextMoonNode
FNDA:7,searchPreviousMoonNode
FNDA:7,getEclipseSeasonInfo
FNDA:5,getUpcomingEclipseSeasons
FNDA:2,isInEclipseSeason
FNDA:3,getEclipseSeasonDescription
FNDA:4,getNextNodeCrossing
DA:1,1
DA:8,1
DA:13,23
DA:14,23
DA:15,23
DA:16,23
DA:17,0
DA:18,0
DA:19,0
DA:20,23
DA:25,7
DA:27,7
DA:28,7
DA:30,7
DA:31,7
DA:33,7
DA:34,15
DA:35,15
DA:36,15
DA:38,7
DA:39,7
DA:47,1
DA:49,7
DA:50,7
DA:52,7
DA:53,0
DA:54,0
DA:57,7
DA:58,7
DA:60,7
DA:61,7
DA:62,7
DA:64,7
DA:65,7
DA:67,7
DA:68,7
DA:69,7
DA:70,7
DA:71,7
DA:72,7
DA:73,7
DA:74,7
DA:75,7
DA:78,0
DA:79,0
DA:81,0
DA:82,0
DA:83,0
DA:85,0
DA:86,0
DA:88,0
DA:89,0
DA:90,0
DA:91,0
DA:92,0
DA:93,0
DA:94,0
DA:95,0
DA:96,0
DA:99,0
DA:100,0
DA:101,0
DA:103,0
DA:104,0
DA:106,0
DA:107,0
DA:108,0
DA:109,0
DA:110,0
DA:111,0
DA:112,0
DA:113,0
DA:115,0
DA:116,0
DA:121,1
DA:122,5
DA:123,5
DA:124,5
DA:125,5
DA:126,5
DA:127,5
DA:129,5
DA:131,5
DA:132,37
DA:133,37
DA:135,37
DA:136,37
DA:138,37
DA:140,37
DA:141,37
DA:142,37
DA:143,37
DA:144,37
DA:145,37
DA:146,37
DA:148,37
DA:149,37
DA:151,5
DA:152,5
DA:157,1
DA:158,2
DA:159,2
DA:160,2
DA:165,1
DA:166,3
DA:167,1
DA:168,1
DA:169,1
DA:170,1
DA:172,2
DA:173,2
DA:174,2
DA:176,3
DA:177,1
DA:178,1
DA:179,1
DA:181,1
DA:182,1
DA:187,1
DA:191,4
DA:192,4
DA:193,4
DA:195,4
DA:196,4
DA:197,4
DA:199,4
DA:200,4
DA:201,4
DA:202,4
DA:203,4
DA:204,4
LF:131
LH:95
BRDA:13,0,0,23
BRDA:16,1,0,0
BRDA:25,2,0,7
BRDA:33,3,0,22
BRDA:33,4,0,15
BRDA:47,5,0,7
BRDA:52,6,0,0
BRDA:52,7,0,0
BRDA:68,8,0,0
BRDA:75,9,0,0
BRDA:121,10,0,5
BRDA:131,11,0,42
BRDA:131,12,0,37
BRDA:138,13,0,5
BRDA:141,14,0,0
BRDA:157,15,0,2
BRDA:159,16,0,0
BRDA:165,17,0,3
BRDA:166,18,0,1
BRDA:170,19,0,2
BRDA:176,20,0,1
BRDA:187,21,0,4
BRDA:193,22,0,0
BRDA:201,23,0,0
BRF:24
BRH:15
end_of_record
TN:
SF:src/lib/astronomy/moon-phases.test.ts
FN:14,createMockNightInfo
FNF:1
FNH:1
FNDA:3,createMockNightInfo
DA:1,1
DA:9,1
DA:12,1
DA:14,1
DA:15,3
DA:16,3
DA:17,3
DA:18,3
DA:19,3
DA:21,3
DA:22,3
DA:23,3
DA:24,3
DA:25,3
DA:26,3
DA:27,3
DA:28,3
DA:29,3
DA:30,3
DA:31,3
DA:32,3
DA:33,3
DA:34,3
DA:35,3
DA:37,1
DA:38,1
DA:39,1
DA:40,1
DA:42,1
DA:43,1
DA:44,1
DA:46,1
DA:47,1
DA:48,1
DA:50,1
DA:51,1
DA:52,1
DA:53,1
DA:55,1
DA:56,1
DA:57,1
DA:58,1
DA:60,1
DA:61,1
DA:62,1
DA:63,1
DA:65,1
DA:66,1
DA:67,1
DA:68,1
DA:70,1
DA:72,1
DA:73,1
DA:74,1
DA:75,1
DA:76,1
DA:77,1
DA:78,1
DA:80,1
DA:81,1
DA:82,1
DA:84,1
DA:87,1
DA:89,1
DA:90,1
DA:92,1
DA:94,1
DA:95,1
DA:97,1
DA:100,1
DA:101,1
DA:102,1
DA:104,1
DA:105,1
DA:106,1
DA:108,1
DA:110,1
DA:111,1
DA:112,1
DA:114,1
DA:115,1
DA:117,1
DA:119,1
DA:120,1
DA:121,1
DA:123,1
DA:124,1
DA:126,1
DA:128,1
DA:129,1
DA:130,1
DA:132,1
DA:133,1
DA:134,1
DA:135,1
DA:137,1
DA:140,1
DA:141,1
DA:143,1
DA:144,1
DA:145,1
DA:147,1
DA:149,1
DA:150,7
DA:151,7
DA:152,1
DA:154,1
DA:155,1
DA:156,1
DA:158,1
DA:160,1
DA:161,2
DA:162,2
DA:163,2
DA:164,1
DA:165,1
DA:167,1
DA:168,1
DA:169,1
DA:170,1
DA:171,1
DA:172,1
DA:173,1
DA:174,1
DA:176,1
DA:178,1
DA:179,1
DA:180,1
DA:182,1
DA:183,1
DA:184,1
DA:185,1
DA:186,1
DA:187,1
DA:188,1
DA:190,1
DA:192,1
DA:193,1
DA:194,1
DA:196,1
DA:197,1
DA:198,1
DA:199,1
DA:200,1
DA:201,1
DA:202,1
DA:204,1
DA:206,1
DA:207,1
DA:208,1
DA:209,1
DA:210,1
LF:152
LH:152
BRDA:12,0,0,1
BRDA:14,1,0,3
BRDA:37,2,0,1
BRDA:38,3,0,1
BRDA:42,4,0,1
BRDA:46,5,0,1
BRDA:50,6,0,1
BRDA:55,7,0,1
BRDA:56,8,0,1
BRDA:60,9,0,1
BRDA:65,10,0,1
BRDA:66,11,0,1
BRDA:80,12,0,1
BRDA:92,13,0,1
BRDA:100,14,0,0
BRDA:104,15,0,1
BRDA:105,16,0,1
BRDA:114,17,0,1
BRDA:123,18,0,1
BRDA:132,19,0,1
BRDA:133,20,0,1
BRDA:143,21,0,1
BRDA:149,22,0,7
BRDA:154,23,0,1
BRDA:160,24,0,2
BRDA:167,25,0,1
BRDA:168,26,0,1
BRDA:182,27,0,1
BRDA:196,28,0,1
BRF:29
BRH:28
end_of_record
TN:
SF:src/lib/astronomy/moon-phases.ts
FN:17,getMoonPhaseName
FN:29,getMoonPhaseEmoji
FN:41,searchPreviousMoonQuarter
FN:63,isPhaseTonight
FN:72,daysUntilPhase
FN:80,createMoonPhaseEvent
FN:99,getMoonPhaseEvents
FN:127,getNextPhaseOfType
FN:167,getMoonPhasesInRange
FN:198,getMoonPhaseDescription
FNF:10
FNH:10
FNDA:7,getMoonPhaseName
FNDA:2,getMoonPhaseEmoji
FNDA:3,searchPreviousMoonQuarter
FNDA:6,isPhaseTonight
FNDA:23,daysUntilPhase
FNDA:6,createMoonPhaseEvent
FNDA:3,getMoonPhaseEvents
FNDA:3,getNextPhaseOfType
FNDA:3,getMoonPhasesInRange
FNDA:3,getMoonPhaseDescription
DA:1,1
DA:7,1
DA:8,1
DA:9,1
DA:10,1
DA:11,1
DA:12,1
DA:17,1
DA:18,7
DA:19,7
DA:20,7
DA:21,7
DA:22,7
DA:23,7
DA:24,7
DA:29,1
DA:30,2
DA:31,2
DA:32,2
DA:33,2
DA:34,2
DA:35,2
DA:36,2
DA:41,3
DA:43,3
DA:44,3
DA:46,3
DA:49,3
DA:50,12
DA:51,12
DA:52,3
DA:53,3
DA:54,9
DA:55,9
DA:57,3
DA:58,3
DA:63,6
DA:64,6
DA:65,6
DA:66,3
DA:67,6
DA:72,23
DA:73,23
DA:74,23
DA:75,23
DA:80,6
DA:81,6
DA:82,6
DA:83,6
DA:84,6
DA:85,6
DA:86,6
DA:87,6
DA:88,6
DA:89,6
DA:90,6
DA:91,6
DA:92,6
DA:99,1
DA:103,3
DA:105,3
DA:106,3
DA:109,3
DA:110,3
DA:113,3
DA:115,3
DA:116,0
DA:117,3
DA:118,0
DA:119,0
DA:121,3
DA:122,3
DA:127,1
DA:128,3
DA:129,3
DA:130,3
DA:131,3
DA:132,3
DA:134,3
DA:135,0
DA:136,0
DA:138,3
DA:141,3
DA:144,3
DA:145,4
DA:146,4
DA:149,3
DA:151,0
DA:152,0
DA:153,0
DA:154,0
DA:156,3
DA:157,3
DA:158,3
DA:159,3
DA:160,3
DA:161,3
DA:162,3
DA:167,1
DA:168,3
DA:169,3
DA:170,3
DA:171,3
DA:174,3
DA:177,3
DA:178,0
DA:179,0
DA:182,3
DA:183,14
DA:184,14
DA:185,14
DA:186,14
DA:187,14
DA:188,14
DA:189,14
DA:190,14
DA:192,3
DA:193,3
DA:198,1
DA:199,3
DA:201,3
DA:202,1
DA:203,1
DA:204,1
DA:205,1
DA:206,1
DA:207,1
DA:208,1
DA:210,3
DA:211,1
DA:212,1
DA:213,0
DA:214,1
DA:215,0
DA:216,0
DA:217,0
DA:219,1
DA:220,1
LF:138
LH:123
BRDA:17,0,0,7
BRDA:19,1,0,2
BRDA:20,2,0,2
BRDA:21,3,0,2
BRDA:22,4,0,1
BRDA:29,5,0,2
BRDA:31,6,0,1
BRDA:32,7,0,0
BRDA:33,8,0,1
BRDA:34,9,0,0
BRDA:41,10,0,3
BRDA:49,11,0,12
BRDA:51,12,0,3
BRDA:53,13,0,9
BRDA:63,14,0,6
BRDA:65,15,0,3
BRDA:72,16,0,23
BRDA:80,17,0,6
BRDA:89,18,0,0
BRDA:99,19,0,3
BRDA:115,20,0,0
BRDA:117,21,0,0
BRDA:127,22,0,3
BRDA:134,23,0,0
BRDA:144,24,0,4
BRDA:149,25,0,0
BRDA:132,26,0,6
BRDA:167,27,0,3
BRDA:177,28,0,0
BRDA:182,29,0,14
BRDA:198,30,0,3
BRDA:201,31,0,1
BRDA:204,32,0,0
BRDA:205,33,0,0
BRDA:208,34,0,2
BRDA:210,35,0,1
BRDA:212,36,0,0
BRDA:214,37,0,0
BRF:38
BRH:26
end_of_record
TN:
SF:src/lib/astronomy/opposition.ts
FN:1,(empty-report)
FNF:1
FNH:0
FNDA:0,(empty-report)
DA:1,0
DA:5,0
DA:6,0
DA:7,0
DA:8,0
DA:9,0
DA:10,0
DA:11,0
DA:14,0
DA:21,0
DA:22,0
DA:23,0
DA:24,0
DA:25,0
DA:28,0
DA:29,0
DA:30,0
DA:31,0
DA:32,0
DA:33,0
DA:34,0
DA:39,0
DA:40,0
DA:41,0
DA:42,0
DA:43,0
DA:44,0
DA:46,0
DA:47,0
DA:48,0
DA:50,0
DA:51,0
DA:54,0
DA:55,0
DA:56,0
DA:57,0
DA:58,0
DA:59,0
DA:60,0
DA:61,0
DA:64,0
DA:65,0
DA:66,0
DA:68,0
DA:69,0
DA:70,0
DA:71,0
DA:72,0
DA:73,0
DA:75,0
DA:76,0
DA:77,0
DA:78,0
DA:79,0
DA:80,0
DA:85,0
DA:86,0
DA:87,0
DA:88,0
DA:89,0
DA:90,0
DA:91,0
DA:93,0
DA:94,0
DA:95,0
DA:96,0
DA:97,0
DA:100,0
DA:101,0
DA:102,0
DA:103,0
DA:104,0
DA:105,0
DA:106,0
DA:107,0
DA:108,0
DA:111,0
DA:112,0
DA:113,0
DA:114,0
DA:115,0
DA:116,0
DA:121,0
DA:122,0
DA:123,0
DA:124,0
DA:125,0
DA:126,0
DA:127,0
DA:129,0
DA:131,0
DA:133,0
DA:135,0
DA:136,0
DA:137,0
DA:138,0
DA:139,0
DA:140,0
DA:141,0
LF:99
LH:0
BRDA:1,0,0,0
BRF:1
BRH:0
end_of_record
TN:
SF:src/lib/astronomy/planet-apsis.test.ts
FNF:0
FNH:0
DA:1,1
DA:9,1
DA:11,1
DA:12,1
DA:13,1
DA:14,1
DA:15,1
DA:16,1
DA:18,1
DA:19,1
DA:20,1
DA:21,1
DA:23,1
DA:25,1
DA:26,1
DA:27,1
DA:28,1
DA:30,1
DA:31,1
DA:32,1
DA:33,1
DA:34,1
DA:36,1
DA:38,1
DA:39,1
DA:40,1
DA:41,1
DA:42,1
DA:44,1
DA:45,1
DA:46,1
DA:47,1
DA:48,1
DA:50,1
DA:51,1
DA:52,1
DA:55,1
DA:56,0
DA:57,0
DA:58,0
DA:59,0
DA:60,0
DA:61,1
DA:63,1
DA:64,1
DA:65,1
DA:67,1
DA:68,0
DA:69,0
DA:70,0
DA:71,1
DA:72,1
DA:74,1
DA:75,1
DA:76,1
DA:77,1
DA:79,1
DA:80,1
DA:81,1
DA:82,1
DA:83,1
DA:84,1
DA:85,1
DA:87,1
DA:88,1
DA:89,1
DA:90,1
DA:91,1
DA:92,1
DA:94,1
DA:95,1
DA:96,1
DA:97,1
DA:99,1
DA:100,1
DA:102,1
DA:103,1
DA:104,1
DA:106,1
DA:107,0
DA:108,0
DA:109,1
DA:111,1
DA:112,1
DA:113,1
DA:115,1
DA:116,0
DA:117,0
DA:118,1
DA:119,1
DA:121,1
DA:122,1
DA:123,1
DA:124,1
DA:126,1
DA:127,1
DA:129,1
DA:130,1
DA:131,1
DA:133,1
DA:135,1
DA:136,1
DA:138,1
DA:139,1
DA:140,1
DA:142,1
DA:143,6
DA:144,6
DA:145,1
DA:146,1
DA:148,1
DA:149,1
DA:150,1
DA:151,1
DA:152,1
DA:153,1
DA:154,1
DA:155,1
DA:156,1
DA:157,1
DA:159,1
DA:161,1
DA:162,1
DA:163,1
DA:164,1
DA:165,1
DA:167,1
DA:168,1
DA:169,1
DA:170,1
DA:171,1
DA:172,1
DA:173,1
DA:174,1
DA:175,1
DA:177,1
DA:179,1
DA:180,1
DA:181,1
DA:182,1
DA:183,1
LF:141
LH:129
BRDA:11,0,0,1
BRDA:12,1,0,1
BRDA:13,2,0,1
BRDA:18,3,0,1
BRDA:23,4,0,1
BRDA:30,5,0,1
BRDA:36,6,0,1
BRDA:44,7,0,1
BRDA:45,8,0,1
BRDA:50,9,0,1
BRDA:55,10,0,0
BRDA:63,11,0,1
BRDA:67,12,0,0
BRDA:74,13,0,1
BRDA:75,14,0,1
BRDA:87,15,0,1
BRDA:94,16,0,1
BRDA:95,17,0,1
BRDA:102,18,0,1
BRDA:106,19,0,0
BRDA:111,20,0,1
BRDA:115,21,0,0
BRDA:121,22,0,1
BRDA:122,23,0,1
BRDA:129,24,0,1
BRDA:133,25,0,12
BRDA:138,26,0,1
BRDA:142,27,0,6
BRDA:148,28,0,1
BRDA:149,29,0,1
BRDA:167,30,0,1
BRF:31
BRH:27
end_of_record
TN:
SF:src/lib/astronomy/planet-apsis.ts
FN:42,calculateBrightnessBoost
FN:56,searchNextApsis
FN:72,searchPreviousApsis
FN:97,getPlanetApsisInfo
FN:171,isNearPerihelion
FN:192,getPlanetsNearPerihelion
FN:209,getUpcomingApsisEvents
FN:257,getPlanetApsisDescription
FNF:8
FNH:8
FNDA:21,calculateBrightnessBoost
FNDA:48,searchNextApsis
FNDA:24,searchPreviousApsis
FNDA:26,getPlanetApsisInfo
FNDA:2,isNearPerihelion
FNDA:3,getPlanetsNearPerihelion
FNDA:3,getUpcomingApsisEvents
FNDA:2,getPlanetApsisDescription
DA:1,1
DA:8,1
DA:9,1
DA:10,1
DA:11,1
DA:12,1
DA:13,1
DA:14,1
DA:15,1
DA:16,1
DA:21,1
DA:22,1
DA:23,1
DA:24,1
DA:25,1
DA:26,1
DA:27,1
DA:28,1
DA:29,1
DA:34,1
DA:42,1
DA:43,21
DA:44,2
DA:45,2
DA:47,19
DA:48,19
DA:50,19
DA:51,19
DA:56,48
DA:57,48
DA:58,48
DA:59,48
DA:60,48
DA:61,48
DA:62,48
DA:63,48
DA:64,0
DA:65,0
DA:66,0
DA:67,48
DA:72,24
DA:73,24
DA:74,24
DA:75,24
DA:77,24
DA:78,24
DA:80,24
DA:81,24
DA:83,24
DA:84,80
DA:85,80
DA:86,80
DA:88,24
DA:89,24
DA:97,1
DA:98,26
DA:99,26
DA:100,2
DA:101,2
DA:103,24
DA:104,26
DA:105,0
DA:106,0
DA:108,24
DA:110,24
DA:111,24
DA:112,24
DA:113,24
DA:114,24
DA:115,24
DA:118,24
DA:119,24
DA:122,24
DA:123,24
DA:125,26
DA:126,15
DA:127,15
DA:128,0
DA:129,0
DA:130,0
DA:131,15
DA:133,24
DA:134,24
DA:135,24
DA:136,3
DA:137,3
DA:138,3
DA:139,24
DA:141,26
DA:143,21
DA:144,21
DA:147,26
DA:150,26
DA:151,0
DA:152,3
DA:154,26
DA:155,26
DA:156,26
DA:157,26
DA:158,26
DA:159,26
DA:160,26
DA:161,26
DA:162,26
DA:163,0
DA:164,0
DA:165,0
DA:166,26
DA:171,1
DA:175,2
DA:176,2
DA:178,2
DA:179,2
DA:180,2
DA:182,0
DA:183,0
DA:184,0
DA:185,0
DA:186,0
DA:187,0
DA:192,1
DA:193,3
DA:194,3
DA:196,3
DA:197,21
DA:198,21
DA:199,0
DA:200,0
DA:201,21
DA:203,3
DA:204,3
DA:209,1
DA:210,3
DA:211,3
DA:212,3
DA:213,3
DA:214,3
DA:215,3
DA:216,3
DA:218,3
DA:219,21
DA:220,21
DA:222,21
DA:223,21
DA:225,21
DA:226,31
DA:227,31
DA:228,31
DA:229,31
DA:231,31
DA:232,15
DA:233,16
DA:235,31
DA:236,31
DA:237,31
DA:238,31
DA:239,31
DA:240,31
DA:241,31
DA:242,31
DA:244,31
DA:245,31
DA:246,21
DA:247,0
DA:248,0
DA:249,21
DA:251,3
DA:252,3
DA:257,1
DA:258,2
DA:260,2
DA:261,1
DA:262,1
DA:263,1
DA:264,0
DA:265,0
DA:267,2
DA:269,2
DA:270,0
DA:271,0
DA:273,1
DA:274,1
LF:182
LH:156
BRDA:42,0,0,21
BRDA:43,1,0,2
BRDA:45,2,0,19
BRDA:56,3,0,48
BRDA:63,4,0,0
BRDA:72,5,0,24
BRDA:83,6,0,104
BRDA:83,7,0,80
BRDA:97,8,0,26
BRDA:99,9,0,2
BRDA:101,10,0,24
BRDA:104,11,0,0
BRDA:106,12,0,24
BRDA:125,13,0,15
BRDA:127,14,0,0
BRDA:131,15,0,24
BRDA:135,16,0,3
BRDA:135,17,0,3
BRDA:141,18,0,21
BRDA:144,19,0,3
BRDA:147,20,0,0
BRDA:147,21,0,3
BRDA:150,22,0,0
BRDA:151,23,0,3
BRDA:162,24,0,0
BRDA:171,25,0,2
BRDA:178,26,0,0
BRDA:180,27,0,0
BRDA:192,28,0,3
BRDA:196,29,0,21
BRDA:198,30,0,3
BRDA:198,31,0,0
BRDA:209,32,0,3
BRDA:218,33,0,21
BRDA:225,34,0,52
BRDA:225,35,0,31
BRDA:226,36,0,15
BRDA:226,37,0,16
BRDA:231,38,0,15
BRDA:232,39,0,16
BRDA:246,40,0,0
BRDA:251,41,0,58
BRDA:257,42,0,2
BRDA:258,43,0,1
BRDA:258,44,0,1
BRDA:260,45,0,1
BRDA:263,46,0,0
BRDA:267,47,0,0
BRDA:267,48,0,1
BRDA:269,49,0,0
BRDA:269,50,0,0
BRDA:271,51,0,1
BRF:52
BRH:38
end_of_record
TN:
SF:src/lib/astronomy/planets.ts
FN:42,calculateApparentDiameter
FN:56,getPlanetData
FNF:2
FNH:1
FNDA:2,calculateApparentDiameter
FNDA:0,getPlanetData
DA:4,1
DA:5,1
DA:6,1
DA:7,1
DA:8,1
DA:9,1
DA:10,1
DA:11,1
DA:12,1
DA:15,1
DA:16,1
DA:17,1
DA:18,1
DA:19,1
DA:20,1
DA:21,1
DA:22,1
DA:23,1
DA:25,1
DA:26,1
DA:27,1
DA:28,1
DA:29,1
DA:30,1
DA:31,1
DA:32,1
DA:33,1
DA:42,1
DA:43,2
DA:44,2
DA:45,2
DA:46,2
DA:47,2
DA:49,2
DA:50,2
DA:51,2
DA:56,1
DA:57,0
DA:58,0
LF:39
LH:37
BRDA:42,0,0,2
BRDA:47,1,0,0
BRF:2
BRH:1
end_of_record
TN:
SF:src/lib/astronomy/seeing.test.ts
FNF:0
FNH:0
DA:1,1
DA:8,1
DA:11,1
DA:12,1
DA:13,1
DA:14,1
DA:17,1
DA:18,1
DA:19,1
DA:21,1
DA:22,1
DA:23,1
DA:25,1
DA:26,1
DA:28,1
DA:29,1
DA:30,1
DA:32,1
DA:33,1
DA:35,1
DA:36,1
DA:38,1
DA:39,1
DA:40,1
DA:42,1
DA:43,1
DA:45,1
DA:46,1
DA:47,1
DA:48,1
DA:49,1
DA:50,1
DA:51,1
DA:52,1
DA:53,1
DA:55,1
DA:56,1
DA:57,1
DA:59,1
DA:60,1
DA:61,1
DA:63,1
DA:64,1
DA:65,1
DA:66,1
DA:68,1
DA:69,1
DA:71,1
DA:72,1
DA:73,1
DA:74,1
DA:76,1
DA:77,1
DA:78,1
DA:80,1
DA:81,1
DA:83,1
DA:84,1
DA:86,1
DA:87,1
DA:89,1
DA:90,1
DA:91,1
DA:92,1
DA:94,1
DA:95,1
DA:96,1
DA:98,1
DA:99,1
DA:100,1
DA:102,1
DA:103,1
DA:104,1
DA:105,1
DA:106,1
DA:107,1
DA:109,1
DA:111,1
DA:112,1
DA:113,1
DA:114,1
DA:116,1
DA:117,1
DA:118,1
DA:119,1
DA:120,1
DA:121,1
DA:122,1
DA:123,1
DA:124,1
DA:125,1
DA:126,1
DA:128,1
DA:129,1
DA:131,1
DA:132,1
DA:133,1
DA:135,1
DA:136,1
DA:137,1
DA:138,1
DA:139,1
DA:140,1
DA:141,1
DA:142,1
DA:144,1
DA:146,1
DA:147,1
DA:149,1
DA:150,1
DA:151,1
DA:152,1
DA:153,1
DA:154,1
DA:155,1
DA:157,1
DA:159,1
DA:160,1
DA:162,1
DA:163,1
DA:164,1
DA:165,1
DA:166,1
DA:167,1
DA:168,1
DA:170,1
DA:172,1
DA:173,1
DA:174,1
DA:176,1
DA:177,1
DA:178,1
DA:179,1
DA:180,1
DA:181,1
DA:182,1
DA:183,1
DA:185,1
DA:186,1
DA:188,1
DA:189,1
DA:190,1
DA:191,1
DA:192,1
DA:193,1
DA:194,1
DA:196,1
DA:197,1
DA:199,1
DA:200,1
DA:201,1
DA:202,1
DA:203,1
DA:204,1
DA:205,1
DA:207,1
DA:208,1
DA:210,1
DA:211,1
DA:212,1
DA:213,1
DA:214,1
DA:215,1
DA:216,1
DA:218,1
DA:219,1
DA:220,1
DA:221,1
LF:168
LH:168
BRDA:11,0,0,1
BRDA:12,1,0,1
BRDA:13,2,0,1
BRDA:21,3,0,1
BRDA:28,4,0,1
BRDA:35,5,0,1
BRDA:42,6,0,1
BRDA:55,7,0,1
BRDA:63,8,0,1
BRDA:64,9,0,1
BRDA:71,10,0,1
BRDA:80,11,0,1
BRDA:86,12,0,1
BRDA:94,13,0,1
BRDA:95,14,0,1
BRDA:102,15,0,1
BRDA:116,16,0,1
BRDA:135,17,0,1
BRDA:136,18,0,1
BRDA:149,19,0,1
BRDA:162,20,0,1
BRDA:176,21,0,1
BRDA:177,22,0,1
BRDA:188,23,0,1
BRDA:199,24,0,1
BRDA:210,25,0,1
BRF:26
BRH:26
end_of_record
TN:
SF:src/lib/astronomy/seeing.ts
FN:33,calculateWindFactor
FN:47,calculateAirmassMultiplier
FN:62,calculateHumidityFactor
FN:74,calculateTemperatureGradientFactor
FN:94,calculateConfidence
FN:111,getSeeingRating
FN:133,estimateSeeing
FN:164,estimateSeeingAtAltitude
FN:188,getSeeingFromWeather
FN:222,getSeeingDescription
FN:230,calculateSeeingScore
FNF:11
FNH:11
FNDA:19,calculateWindFactor
FNDA:7,calculateAirmassMultiplier
FNDA:19,calculateHumidityFactor
FNDA:19,calculateTemperatureGradientFactor
FNDA:19,calculateConfidence
FNDA:26,getSeeingRating
FNDA:19,estimateSeeing
FNDA:7,estimateSeeingAtAltitude
FNDA:4,getSeeingFromWeather
FNDA:3,getSeeingDescription
FNDA:4,calculateSeeingScore
DA:7,1
DA:12,1
DA:13,1
DA:14,1
DA:15,1
DA:16,1
DA:17,1
DA:22,1
DA:23,1
DA:24,1
DA:25,1
DA:26,1
DA:27,1
DA:33,19
DA:35,19
DA:36,12
DA:37,12
DA:40,7
DA:41,7
DA:47,7
DA:48,7
DA:49,7
DA:52,4
DA:55,4
DA:56,4
DA:62,19
DA:63,19
DA:64,19
DA:67,5
DA:68,5
DA:74,19
DA:75,19
DA:78,10
DA:80,19
DA:82,1
DA:83,19
DA:85,0
DA:86,0
DA:88,9
DA:89,9
DA:94,19
DA:95,19
DA:96,19
DA:97,19
DA:98,19
DA:99,19
DA:101,19
DA:102,19
DA:103,19
DA:105,19
DA:106,19
DA:111,26
DA:112,26
DA:113,26
DA:114,26
DA:115,6
DA:116,6
DA:133,1
DA:134,19
DA:135,19
DA:136,19
DA:137,19
DA:138,19
DA:139,19
DA:140,19
DA:141,19
DA:143,19
DA:145,19
DA:146,19
DA:147,19
DA:148,19
DA:149,19
DA:150,19
DA:152,19
DA:153,19
DA:154,19
DA:155,19
DA:156,19
DA:157,19
DA:158,19
DA:164,1
DA:165,7
DA:166,7
DA:167,7
DA:168,7
DA:169,7
DA:170,7
DA:171,7
DA:172,7
DA:174,7
DA:175,7
DA:177,7
DA:178,7
DA:179,7
DA:180,7
DA:181,7
DA:182,7
DA:183,7
DA:188,1
DA:189,4
DA:190,1
DA:191,1
DA:192,1
DA:193,1
DA:194,1
DA:195,1
DA:196,1
DA:199,3
DA:200,4
DA:203,4
DA:204,4
DA:205,3
DA:206,3
DA:207,3
DA:208,3
DA:209,3
DA:211,3
DA:212,4
DA:213,4
DA:214,4
DA:215,4
DA:216,4
DA:217,4
DA:222,1
DA:223,3
DA:224,3
DA:225,3
DA:230,1
DA:231,4
DA:232,4
DA:233,4
DA:234,4
DA:235,4
DA:236,4
DA:237,4
LF:135
LH:133
BRDA:33,0,0,19
BRDA:35,1,0,12
BRDA:37,2,0,7
BRDA:47,3,0,7
BRDA:48,4,0,1
BRDA:48,5,0,6
BRDA:49,6,0,2
BRDA:49,7,0,4
BRDA:62,8,0,19
BRDA:63,9,0,13
BRDA:63,10,0,6
BRDA:64,11,0,1
BRDA:64,12,0,5
BRDA:74,13,0,19
BRDA:75,14,0,10
BRDA:75,15,0,9
BRDA:75,16,0,10
BRDA:80,17,0,1
BRDA:83,18,0,9
BRDA:83,19,0,0
BRDA:94,20,0,19
BRDA:101,21,0,18
BRDA:103,22,0,10
BRDA:111,23,0,26
BRDA:112,24,0,0
BRDA:113,25,0,13
BRDA:114,26,0,7
BRDA:114,27,0,6
BRDA:133,28,0,19
BRDA:164,29,0,7
BRDA:188,30,0,4
BRDA:189,31,0,1
BRDA:196,32,0,3
BRDA:200,33,0,0
BRDA:204,34,0,3
BRDA:204,35,0,3
BRDA:212,36,0,0
BRDA:222,37,0,3
BRDA:223,38,0,2
BRDA:223,39,0,1
BRDA:230,40,0,4
BRDA:232,41,0,1
BRDA:233,42,0,1
BRDA:234,43,0,1
BRDA:235,44,0,1
BRF:45
BRH:41
end_of_record
TN:
SF:src/lib/astronomy/sidereal.test.ts
FNF:0
FNH:0
DA:1,1
DA:11,1
DA:13,1
DA:14,1
DA:15,1
DA:16,1
DA:17,1
DA:19,1
DA:20,1
DA:21,1
DA:23,1
DA:24,1
DA:25,1
DA:27,1
DA:28,1
DA:30,1
DA:31,1
DA:32,1
DA:34,1
DA:35,1
DA:36,1
DA:37,1
DA:39,1
DA:40,1
DA:41,1
DA:43,1
DA:44,1
DA:45,1
DA:46,1
DA:49,1
DA:50,1
DA:52,1
DA:53,1
DA:54,1
DA:55,1
DA:57,1
DA:58,1
DA:59,1
DA:61,1
DA:62,1
DA:63,1
DA:64,1
DA:66,1
DA:67,1
DA:69,1
DA:70,1
DA:71,1
DA:73,1
DA:74,1
DA:76,1
DA:77,1
DA:79,1
DA:80,1
DA:81,1
DA:82,1
DA:83,1
DA:84,1
DA:86,1
DA:87,1
DA:88,1
DA:89,1
DA:91,1
DA:92,1
DA:94,1
DA:95,1
DA:96,1
DA:98,1
DA:99,1
DA:100,1
DA:101,1
DA:102,1
DA:104,1
DA:106,1
DA:107,1
DA:109,1
DA:110,1
DA:111,1
DA:112,1
DA:115,1
DA:117,1
DA:119,1
DA:120,1
DA:122,1
DA:123,1
DA:124,1
DA:127,1
DA:130,1
DA:131,1
DA:133,1
DA:134,1
DA:135,1
DA:136,1
DA:139,1
DA:141,1
DA:142,1
DA:144,1
DA:145,1
DA:146,1
DA:147,1
DA:149,1
DA:150,1
DA:151,1
DA:153,1
DA:154,1
DA:155,1
DA:157,1
DA:158,1
DA:159,1
DA:161,1
DA:162,1
DA:163,1
DA:165,1
DA:166,1
DA:167,1
DA:168,1
DA:170,1
DA:171,1
DA:172,1
DA:174,1
DA:175,1
DA:176,1
DA:178,1
DA:179,1
DA:180,1
DA:181,1
DA:182,1
LF:126
LH:126
BRDA:13,0,0,1
BRDA:14,1,0,1
BRDA:15,2,0,1
BRDA:23,3,0,1
BRDA:34,4,0,1
BRDA:35,5,0,1
BRDA:43,6,0,1
BRDA:52,7,0,1
BRDA:61,8,0,1
BRDA:62,9,0,1
BRDA:69,10,0,1
BRDA:86,11,0,1
BRDA:87,12,0,1
BRDA:98,13,0,1
BRDA:99,14,0,1
BRDA:109,15,0,1
BRDA:122,16,0,1
BRDA:133,17,0,1
BRDA:149,18,0,1
BRDA:150,19,0,1
BRDA:157,20,0,1
BRDA:158,21,0,1
BRDA:165,22,0,1
BRDA:174,23,0,1
BRDA:175,24,0,1
BRF:25
BRH:25
end_of_record
TN:
SF:src/lib/astronomy/sidereal.ts
FN:9,getGreenwichSiderealTime
FN:19,getLocalSiderealTimeHours
FN:37,getLocalSiderealTime
FN:55,getSiderealTimeAsDate
FN:73,getMeridianRA
FN:86,isNearMeridian
FN:109,getSiderealRate
FN:118,solarToSiderealHours
FN:122,siderealToSolarHours
FNF:9
FNH:8
FNDA:3,getGreenwichSiderealTime
FNDA:17,getLocalSiderealTimeHours
FNDA:2,getLocalSiderealTime
FNDA:0,getSiderealTimeAsDate
FNDA:9,getMeridianRA
FNDA:5,isNearMeridian
FNDA:5,getSiderealRate
FNDA:2,solarToSiderealHours
FNDA:2,siderealToSolarHours
DA:1,1
DA:9,1
DA:10,3
DA:11,3
DA:19,1
DA:20,17
DA:21,17
DA:24,17
DA:25,17
DA:27,17
DA:28,17
DA:37,1
DA:38,2
DA:40,2
DA:41,2
DA:44,2
DA:45,0
DA:46,0
DA:48,2
DA:49,2
DA:55,1
DA:56,0
DA:58,0
DA:59,0
DA:60,0
DA:61,0
DA:63,0
DA:64,0
DA:66,0
DA:67,0
DA:73,1
DA:74,9
DA:75,9
DA:86,1
DA:87,5
DA:88,5
DA:89,5
DA:90,5
DA:91,5
DA:92,5
DA:94,5
DA:96,5
DA:97,2
DA:98,2
DA:100,5
DA:101,5
DA:109,1
DA:112,5
DA:113,5
DA:118,1
DA:119,2
DA:120,2
DA:122,1
DA:123,2
DA:124,2
LF:55
LH:44
BRDA:9,0,0,3
BRDA:19,1,0,17
BRDA:24,2,0,0
BRDA:25,3,0,1
BRDA:37,4,0,2
BRDA:44,5,0,0
BRDA:73,6,0,9
BRDA:86,7,0,5
BRDA:96,8,0,2
BRDA:109,9,0,5
BRDA:118,10,0,2
BRDA:122,11,0,2
BRF:12
BRH:10
end_of_record
TN:
SF:src/lib/astronomy/venus-peak.test.ts
FNF:0
FNH:0
DA:1,1
DA:8,1
DA:11,1
DA:12,1
DA:13,1
DA:14,1
DA:15,1
DA:17,1
DA:18,1
DA:19,1
DA:20,1
DA:21,1
DA:22,1
DA:23,1
DA:24,1
DA:25,1
DA:26,1
DA:27,1
DA:29,1
DA:30,1
DA:31,1
DA:33,1
DA:35,1
DA:36,1
DA:37,1
DA:38,1
DA:40,1
DA:41,1
DA:42,1
DA:44,1
DA:45,1
DA:46,1
DA:47,1
DA:49,1
DA:51,1
DA:53,1
DA:54,1
DA:57,1
DA:58,1
DA:60,1
DA:61,1
DA:62,1
DA:63,1
DA:64,1
DA:65,1
DA:66,1
DA:68,1
DA:69,1
DA:70,1
DA:71,1
DA:73,1
DA:74,1
DA:76,1
DA:77,1
DA:78,1
DA:79,1
DA:81,1
DA:82,1
DA:83,1
DA:84,1
DA:85,1
DA:87,1
DA:88,1
DA:89,1
DA:90,1
DA:92,1
DA:94,1
DA:95,1
DA:96,1
DA:98,1
DA:99,1
DA:100,1
DA:102,1
DA:103,1
DA:106,1
DA:107,1
DA:108,1
DA:110,1
DA:111,1
DA:112,1
DA:113,1
DA:114,1
DA:115,1
DA:116,1
DA:117,1
DA:119,1
DA:121,1
DA:122,1
DA:123,1
DA:125,1
DA:126,1
DA:127,1
DA:128,1
DA:129,1
DA:130,1
DA:131,1
DA:133,1
DA:135,1
DA:136,1
DA:137,1
DA:139,1
DA:140,1
DA:141,1
DA:142,1
DA:143,1
DA:144,1
DA:145,1
DA:147,1
DA:149,1
DA:150,1
DA:152,1
DA:153,1
DA:154,1
DA:155,1
DA:156,1
DA:157,1
DA:158,1
DA:160,1
DA:162,1
DA:163,1
DA:164,1
DA:166,1
DA:167,1
DA:168,1
DA:169,1
DA:170,1
DA:171,1
DA:172,1
DA:174,1
DA:176,1
DA:177,1
DA:178,1
DA:180,1
DA:181,1
DA:182,1
DA:183,1
DA:185,1
DA:186,1
DA:188,1
DA:189,1
DA:190,1
DA:192,1
DA:194,1
DA:195,1
DA:197,1
DA:198,1
DA:199,1
DA:201,1
DA:202,2
DA:203,2
DA:204,1
DA:206,1
DA:207,1
DA:208,1
DA:210,1
DA:211,2
DA:212,2
DA:213,2
DA:214,2
DA:215,2
DA:216,2
DA:217,1
DA:219,1
DA:220,1
DA:221,1
DA:223,1
DA:224,2
DA:225,2
DA:226,1
DA:227,1
DA:228,1
LF:171
LH:171
BRDA:11,0,0,1
BRDA:12,1,0,1
BRDA:13,2,0,1
BRDA:29,3,0,1
BRDA:40,4,0,1
BRDA:49,5,0,1
BRDA:68,6,0,1
BRDA:69,7,0,1
BRDA:76,8,0,1
BRDA:87,9,0,1
BRDA:88,10,0,1
BRDA:98,11,0,1
BRDA:110,12,0,1
BRDA:111,13,0,1
BRDA:125,14,0,1
BRDA:139,15,0,1
BRDA:152,16,0,1
BRDA:166,17,0,1
BRDA:180,18,0,1
BRDA:181,19,0,1
BRDA:188,20,0,1
BRDA:197,21,0,1
BRDA:201,22,0,2
BRDA:206,23,0,1
BRDA:210,24,0,2
BRDA:219,25,0,1
BRDA:223,26,0,2
BRF:27
BRH:27
end_of_record
TN:
SF:src/lib/astronomy/venus-peak.ts
FN:12,searchPreviousVenusPeak
FN:39,searchNextVenusPeak
FN:55,getVenusPeakInfo
FN:107,isVenusNearPeak
FN:115,getCurrentVenusMagnitude
FN:123,getVenusPeakDescription
FN:146,getUpcomingVenusPeaks
FNF:7
FNH:7
FNDA:7,searchPreviousVenusPeak
FNDA:21,searchNextVenusPeak
FNDA:7,getVenusPeakInfo
FNDA:2,isVenusNearPeak
FNDA:3,getCurrentVenusMagnitude
FNDA:5,getVenusPeakDescription
FNDA:6,getUpcomingVenusPeaks
DA:1,1
DA:7,1
DA:12,7
DA:14,7
DA:15,7
DA:17,7
DA:18,7
DA:19,7
DA:21,7
DA:22,0
DA:24,0
DA:25,0
DA:26,0
DA:27,0
DA:29,7
DA:30,7
DA:31,0
DA:32,0
DA:33,0
DA:34,7
DA:39,21
DA:40,21
DA:41,21
DA:42,21
DA:43,0
DA:44,0
DA:45,0
DA:46,21
DA:55,1
DA:56,7
DA:57,7
DA:60,7
DA:61,7
DA:63,7
DA:64,0
DA:65,0
DA:66,0
DA:67,0
DA:68,0
DA:69,0
DA:71,7
DA:72,7
DA:73,7
DA:74,1
DA:75,1
DA:76,1
DA:77,7
DA:79,7
DA:80,1
DA:81,1
DA:82,1
DA:83,1
DA:84,1
DA:85,1
DA:86,1
DA:89,6
DA:90,6
DA:91,6
DA:92,6
DA:93,6
DA:94,6
DA:95,6
DA:96,6
DA:97,6
DA:98,6
DA:99,6
DA:101,0
DA:102,0
DA:107,1
DA:108,2
DA:109,2
DA:110,2
DA:115,1
DA:116,3
DA:117,3
DA:118,3
DA:123,1
DA:124,5
DA:126,5
DA:127,3
DA:128,1
DA:129,3
DA:130,1
DA:131,1
DA:132,1
DA:133,1
DA:134,3
DA:136,5
DA:137,1
DA:138,1
DA:140,1
DA:141,1
DA:146,1
DA:147,6
DA:148,6
DA:149,6
DA:150,6
DA:151,6
DA:153,6
DA:154,14
DA:155,14
DA:157,14
DA:158,14
DA:159,14
DA:161,14
DA:162,14
DA:163,14
DA:164,14
DA:165,14
DA:166,14
DA:169,14
DA:170,14
DA:171,14
DA:173,6
DA:174,6
LF:115
LH:96
BRDA:12,0,0,7
BRDA:21,1,0,0
BRDA:30,2,0,0
BRDA:39,3,0,21
BRDA:42,4,0,0
BRDA:55,5,0,7
BRDA:63,6,0,0
BRDA:73,7,0,1
BRDA:73,8,0,1
BRDA:79,9,0,1
BRDA:86,10,0,6
BRDA:99,11,0,0
BRDA:107,12,0,2
BRDA:109,13,0,0
BRDA:115,14,0,3
BRDA:123,15,0,5
BRDA:126,16,0,3
BRDA:127,17,0,1
BRDA:129,18,0,2
BRDA:129,19,0,1
BRDA:134,20,0,2
BRDA:136,21,0,1
BRDA:146,22,0,6
BRDA:153,23,0,14
BRDA:155,24,0,0
BRF:25
BRH:18
end_of_record
TN:
SF:src/lib/catalogs/comets.ts
FN:1,(empty-report)
FNF:1
FNH:0
FNDA:0,(empty-report)
DA:1,0
DA:5,0
DA:6,0
DA:9,0
DA:38,0
DA:39,0
DA:40,0
DA:41,0
DA:42,0
DA:43,0
DA:44,0
DA:46,0
DA:47,0
DA:48,0
DA:49,0
DA:51,0
DA:59,0
DA:61,0
DA:62,0
DA:63,0
DA:64,0
DA:65,0
DA:66,0
DA:67,0
DA:70,0
DA:71,0
DA:72,0
DA:73,0
DA:74,0
DA:75,0
DA:77,0
DA:78,0
DA:87,0
DA:88,0
DA:90,0
DA:91,0
DA:92,0
DA:106,0
DA:107,0
DA:108,0
DA:109,0
DA:110,0
DA:111,0
DA:112,0
DA:113,0
DA:114,0
DA:115,0
DA:117,0
DA:118,0
DA:119,0
DA:120,0
DA:121,0
DA:122,0
DA:123,0
DA:125,0
DA:126,0
DA:127,0
DA:130,0
DA:131,0
DA:132,0
DA:135,0
DA:138,0
DA:139,0
DA:140,0
DA:141,0
DA:142,0
DA:143,0
DA:144,0
DA:145,0
DA:146,0
DA:148,0
DA:150,0
DA:151,0
DA:152,0
DA:153,0
DA:154,0
DA:155,0
DA:156,0
DA:157,0
DA:158,0
DA:159,0
DA:160,0
DA:161,0
DA:162,0
DA:163,0
DA:164,0
DA:165,0
DA:166,0
DA:167,0
DA:172,0
DA:173,0
DA:174,0
DA:175,0
DA:176,0
DA:177,0
DA:178,0
DA:179,0
DA:180,0
DA:181,0
DA:182,0
DA:190,0
DA:191,0
DA:192,0
DA:194,0
DA:197,0
DA:198,0
DA:199,0
DA:200,0
DA:201,0
DA:202,0
DA:203,0
DA:204,0
DA:207,0
DA:208,0
DA:209,0
DA:210,0
DA:211,0
DA:212,0
DA:213,0
DA:214,0
DA:220,0
DA:221,0
DA:222,0
DA:223,0
DA:224,0
DA:225,0
DA:226,0
DA:229,0
DA:230,0
DA:231,0
DA:234,0
DA:237,0
DA:238,0
DA:240,0
DA:241,0
DA:243,0
DA:244,0
DA:246,0
DA:247,0
DA:251,0
DA:252,0
DA:255,0
DA:258,0
DA:261,0
DA:262,0
DA:264,0
DA:266,0
DA:267,0
DA:268,0
DA:269,0
DA:270,0
DA:271,0
DA:273,0
DA:274,0
DA:275,0
DA:276,0
DA:277,0
DA:278,0
DA:281,0
DA:282,0
DA:285,0
DA:286,0
DA:287,0
DA:288,0
DA:289,0
DA:290,0
DA:293,0
DA:294,0
DA:295,0
DA:296,0
DA:297,0
DA:299,0
DA:300,0
DA:306,0
DA:309,0
DA:312,0
DA:315,0
DA:316,0
DA:319,0
DA:322,0
DA:323,0
DA:326,0
DA:329,0
DA:332,0
DA:334,0
DA:335,0
DA:336,0
DA:337,0
DA:338,0
DA:339,0
DA:344,0
DA:345,0
DA:346,0
DA:347,0
DA:349,0
DA:352,0
DA:353,0
DA:354,0
DA:357,0
DA:360,0
DA:363,0
DA:364,0
DA:365,0
DA:368,0
DA:369,0
DA:371,0
DA:372,0
DA:374,0
DA:375,0
DA:380,0
DA:382,0
DA:383,0
DA:384,0
DA:385,0
DA:387,0
DA:389,0
DA:390,0
DA:391,0
DA:392,0
DA:394,0
DA:395,0
DA:396,0
DA:398,0
DA:399,0
DA:400,0
DA:401,0
DA:402,0
DA:403,0
DA:406,0
DA:408,0
DA:409,0
DA:410,0
DA:412,0
DA:413,0
DA:414,0
DA:420,0
DA:421,0
DA:422,0
DA:424,0
DA:425,0
DA:426,0
DA:427,0
DA:428,0
DA:429,0
DA:430,0
DA:431,0
DA:432,0
DA:433,0
DA:434,0
DA:435,0
DA:436,0
DA:437,0
DA:438,0
DA:439,0
DA:440,0
DA:441,0
DA:442,0
DA:443,0
DA:444,0
DA:445,0
DA:446,0
DA:447,0
DA:448,0
DA:449,0
DA:450,0
DA:451,0
DA:452,0
DA:453,0
DA:454,0
DA:455,0
DA:456,0
DA:457,0
DA:458,0
DA:459,0
DA:460,0
DA:461,0
DA:462,0
DA:463,0
DA:464,0
DA:465,0
DA:466,0
DA:467,0
DA:468,0
DA:469,0
DA:470,0
DA:471,0
DA:472,0
DA:473,0
DA:474,0
DA:475,0
DA:476,0
DA:477,0
DA:478,0
DA:479,0
DA:480,0
DA:481,0
DA:482,0
DA:487,0
DA:488,0
DA:489,0
DA:490,0
DA:491,0
DA:492,0
DA:494,0
DA:495,0
DA:496,0
DA:497,0
DA:500,0
DA:501,0
DA:504,0
DA:505,0
DA:506,0
DA:509,0
DA:510,0
DA:511,0
DA:512,0
DA:513,0
DA:514,0
DA:517,0
DA:518,0
DA:519,0
DA:522,0
DA:523,0
DA:524,0
DA:525,0
DA:526,0
DA:527,0
DA:528,0
DA:529,0
DA:530,0
DA:531,0
DA:532,0
DA:533,0
DA:536,0
DA:537,0
DA:538,0
DA:540,0
DA:541,0
LF:338
LH:0
BRDA:1,0,0,0
BRF:1
BRH:0
end_of_record
TN:
SF:src/lib/catalogs/common-names.ts
FN:1,(empty-report)
FNF:1
FNH:1
FNDA:1,(empty-report)
DA:4,0
DA:5,0
DA:6,0
DA:7,0
DA:8,0
DA:9,0
DA:10,0
DA:11,0
DA:12,0
DA:13,0
DA:14,0
DA:15,0
DA:16,0
DA:17,0
DA:18,0
DA:19,0
DA:20,0
DA:21,0
DA:22,0
DA:23,0
DA:24,0
DA:25,0
DA:26,0
DA:27,0
DA:28,0
DA:29,0
DA:30,0
DA:31,0
DA:32,0
DA:33,0
DA:34,0
DA:35,0
DA:36,0
DA:37,0
DA:38,0
DA:39,0
DA:40,0
[...]
DA:20,1
DA:23,1
DA:24,1
DA:25,1
DA:26,1
DA:27,1
DA:28,1
DA:30,1
DA:31,1
DA:32,1
DA:33,1
DA:34,1
DA:36,1
DA:37,1
DA:38,1
DA:39,1
DA:41,1
DA:42,1
DA:43,1
DA:44,1
DA:46,1
DA:47,1
DA:48,1
DA:49,1
DA:50,1
DA:52,1
DA:53,1
DA:54,1
DA:55,1
DA:57,1
DA:58,1
DA:59,1
DA:60,1
DA:61,1
DA:63,1
DA:64,1
DA:65,1
DA:67,1
DA:68,1
DA:69,1
DA:71,1
DA:72,1
DA:73,1
DA:74,1
DA:75,1
DA:77,1
DA:78,1
DA:79,1
DA:81,1
DA:82,1
DA:83,1
DA:84,1
DA:86,1
DA:87,1
DA:88,1
DA:90,1
DA:91,1
DA:92,1
DA:94,1
DA:95,1
DA:96,1
DA:97,1
DA:99,1
DA:100,1
DA:101,1
DA:102,1
DA:103,1
DA:105,1
DA:106,1
DA:107,1
DA:108,1
DA:109,1
DA:110,1
DA:111,1
DA:112,1
DA:114,1
DA:115,1
DA:116,1
DA:118,1
DA:119,1
DA:120,1
DA:122,1
DA:123,1
DA:125,1
DA:126,1
DA:127,1
DA:129,1
DA:130,1
DA:131,1
DA:132,1
DA:133,1
DA:135,1
DA:136,1
DA:137,1
DA:138,1
DA:140,1
DA:141,1
DA:142,1
DA:143,1
DA:144,1
DA:146,1
DA:147,1
DA:148,1
DA:149,1
DA:150,1
DA:152,1
DA:153,1
DA:154,1
DA:155,1
DA:156,1
DA:158,1
DA:159,1
DA:160,1
DA:161,1
DA:163,1
DA:164,1
DA:165,1
DA:166,1
DA:168,1
DA:169,1
DA:170,1
DA:171,1
DA:172,1
DA:174,1
DA:175,1
DA:177,1
DA:178,1
DA:179,1
DA:181,1
DA:183,1
DA:184,1
DA:185,1
DA:186,1
DA:188,1
DA:189,1
DA:190,1
DA:191,1
DA:192,1
DA:194,1
DA:195,1
DA:196,1
DA:197,1
DA:198,1
DA:199,1
DA:200,1
DA:202,1
DA:203,1
DA:204,1
DA:206,1
DA:207,1
DA:208,1
DA:209,1
DA:210,1
DA:211,1
DA:212,1
DA:214,1
DA:215,1
DA:216,1
DA:217,1
DA:219,1
DA:220,1
DA:221,1
DA:222,1
DA:223,1
DA:225,1
DA:226,1
DA:227,1
DA:228,1
DA:229,1
DA:231,1
DA:232,1
DA:233,1
DA:234,1
DA:236,1
DA:237,1
DA:238,1
DA:239,1
DA:241,1
DA:242,1
DA:243,1
DA:244,1
DA:245,1
DA:247,1
DA:248,1
DA:249,1
DA:250,1
DA:251,1
DA:253,1
DA:254,1
DA:255,1
DA:256,1
DA:257,1
DA:259,1
DA:260,1
DA:261,1
DA:262,1
DA:264,1
DA:265,1
DA:266,1
DA:267,1
DA:268,1
DA:270,1
DA:271,1
DA:272,1
DA:273,1
DA:274,1
DA:276,1
DA:278,1
DA:279,1
DA:280,1
DA:282,1
DA:283,1
DA:284,1
DA:285,1
DA:287,1
DA:288,1
DA:289,1
DA:290,1
DA:291,1
DA:293,1
DA:294,1
DA:295,1
DA:296,1
DA:297,1
DA:299,1
DA:300,1
DA:301,1
DA:302,1
DA:303,1
DA:305,1
DA:306,1
DA:307,1
DA:308,1
DA:310,1
DA:311,1
DA:312,1
DA:313,1
DA:314,1
DA:316,1
DA:317,1
DA:318,1
DA:319,1
DA:320,1
DA:321,1
DA:322,1
DA:323,1
DA:325,1
DA:326,1
DA:327,1
DA:329,1
DA:330,1
DA:331,1
DA:332,1
DA:333,1
DA:334,1
DA:335,1
DA:337,1
DA:338,1
DA:339,1
DA:341,1
DA:342,1
DA:343,1
DA:344,1
DA:345,1
DA:346,1
DA:347,1
DA:349,1
DA:350,1
DA:351,1
DA:352,1
DA:354,1
DA:355,1
DA:356,1
DA:357,1
DA:358,1
DA:359,1
DA:360,1
DA:361,1
DA:363,1
DA:364,1
DA:365,1
DA:367,1
DA:368,1
DA:369,1
DA:370,1
DA:371,1
DA:372,1
DA:373,1
DA:375,1
DA:376,1
DA:377,1
DA:378,1
DA:380,1
DA:381,1
DA:382,1
DA:383,1
DA:384,1
DA:386,1
DA:387,1
DA:388,1
DA:389,1
DA:390,1
DA:392,1
DA:393,1
DA:394,1
DA:395,1
DA:397,1
DA:398,1
DA:399,1
DA:401,1
DA:402,1
DA:403,1
DA:404,1
DA:406,1
DA:407,1
DA:408,1
DA:410,1
DA:411,1
DA:412,1
DA:413,1
DA:414,1
DA:416,1
DA:417,1
DA:418,1
DA:419,1
DA:421,1
DA:422,1
DA:423,1
DA:424,1
DA:425,1
DA:427,1
DA:428,1
DA:429,1
DA:430,1
DA:432,1
DA:433,1
DA:434,1
DA:435,1
DA:437,1
DA:438,1
DA:439,1
DA:440,1
DA:442,1
DA:443,1
DA:444,1
DA:445,1
DA:446,1
DA:448,1
DA:449,1
DA:450,1
DA:451,1
DA:452,1
DA:453,1
DA:455,1
DA:456,1
DA:457,1
DA:458,1
DA:459,1
DA:461,1
DA:462,1
DA:463,1
DA:464,1
DA:465,1
DA:466,1
LF:365
LH:365
BRDA:23,0,0,1
BRDA:24,1,0,1
BRDA:25,2,0,1
BRDA:30,3,0,1
BRDA:36,4,0,1
BRDA:41,5,0,1
BRDA:46,6,0,1
BRDA:47,7,0,1
BRDA:52,8,0,1
BRDA:57,9,0,1
BRDA:63,10,0,1
BRDA:71,11,0,1
BRDA:72,12,0,1
BRDA:81,13,0,1
BRDA:90,14,0,1
BRDA:99,15,0,1
BRDA:100,16,0,1
BRDA:105,17,0,1
BRDA:118,18,0,1
BRDA:129,19,0,1
BRDA:130,20,0,1
BRDA:135,21,0,1
BRDA:140,22,0,1
BRDA:146,23,0,1
BRDA:152,24,0,1
BRDA:153,25,0,1
BRDA:158,26,0,1
BRDA:163,27,0,1
BRDA:168,28,0,1
BRDA:174,29,0,1
BRDA:175,30,0,1
BRDA:181,31,0,1
BRDA:188,32,0,1
BRDA:189,33,0,1
BRDA:194,34,0,1
BRDA:206,35,0,1
BRDA:219,36,0,1
BRDA:225,37,0,1
BRDA:226,38,0,1
BRDA:231,39,0,1
BRDA:236,40,0,1
BRDA:241,41,0,1
BRDA:247,42,0,1
BRDA:248,43,0,1
BRDA:253,44,0,1
BRDA:259,45,0,1
BRDA:264,46,0,1
BRDA:270,47,0,1
BRDA:271,48,0,1
BRDA:276,49,0,1
BRDA:282,50,0,1
BRDA:287,51,0,1
BRDA:293,52,0,1
BRDA:294,53,0,1
BRDA:299,54,0,1
BRDA:305,55,0,1
BRDA:310,56,0,1
BRDA:316,57,0,1
BRDA:317,58,0,1
BRDA:329,59,0,1
BRDA:341,60,0,1
BRDA:354,61,0,1
BRDA:355,62,0,1
BRDA:367,63,0,1
BRDA:380,64,0,1
BRDA:386,65,0,1
BRDA:387,66,0,1
BRDA:392,67,0,1
BRDA:401,68,0,1
BRDA:410,69,0,1
BRDA:421,70,0,1
BRDA:422,71,0,1
BRDA:427,72,0,1
BRDA:432,73,0,1
BRDA:437,74,0,1
BRDA:442,75,0,1
BRDA:448,76,0,1
BRDA:449,77,0,1
BRDA:455,78,0,1
BRDA:461,79,0,1
BRF:80
BRH:80
end_of_record
TN:
SF:src/lib/scoring/index.ts
FN:19,calculateAltitudeScore
FN:41,getMoonSensitivity
FN:59,calculateMoonInterference
FN:97,calculatePeakTimingScore
FN:126,calculateWeatherScore
FN:213,calculateSurfaceBrightnessScore
FN:238,calculateMagnitudeScore
FN:271,calculateTypeSuitabilityScore
FN:301,calculateTransientBonus
FN:317,calculateSeasonalWindowScore
FN:332,calculateNoveltyScore
FN:345,calculateOppositionBonus
FN:375,calculateElongationBonus
FN:404,calculateSupermoonBonus
FN:429,calculatePerihelionBonus
FN:453,calculateMeridianBonus
FN:479,calculateTwilightPenalty
FN:506,calculateVenusPeakBonus
FN:525,calculateSeeingQualityScore
FN:550,calculateDewRiskPenalty
FN:577,calculateTotalScore
FN:722,getScoreTier
FN:733,getTierDisplay
FNF:23
FNH:18
FNDA:6,calculateAltitudeScore
FNDA:4,getMoonSensitivity
FNDA:6,calculateMoonInterference
FNDA:3,calculatePeakTimingScore
FNDA:4,calculateWeatherScore
FNDA:0,calculateSurfaceBrightnessScore
FNDA:5,calculateMagnitudeScore
FNDA:0,calculateTypeSuitabilityScore
FNDA:4,calculateTransientBonus
FNDA:2,calculateSeasonalWindowScore
FNDA:0,calculateNoveltyScore
FNDA:4,calculateOppositionBonus
FNDA:4,calculateElongationBonus
FNDA:0,calculateSupermoonBonus
FNDA:5,calculatePerihelionBonus
FNDA:4,calculateMeridianBonus
FNDA:5,calculateTwilightPenalty
FNDA:3,calculateVenusPeakBonus
FNDA:4,calculateSeeingQualityScore
FNDA:4,calculateDewRiskPenalty
FNDA:0,calculateTotalScore
FNDA:10,getScoreTier
FNDA:3,getTierDisplay
DA:19,1
DA:21,6
DA:22,3
DA:23,3
DA:24,3
DA:25,3
DA:26,1
DA:27,0
DA:28,0
DA:31,6
DA:32,6
DA:33,1
DA:34,0
DA:35,0
DA:36,0
DA:41,4
DA:42,4
DA:43,4
DA:44,4
DA:45,4
DA:46,4
DA:47,4
DA:48,4
DA:49,4
DA:50,4
DA:51,4
DA:52,4
DA:53,4
DA:59,1
DA:60,6
DA:61,6
DA:62,6
DA:63,6
DA:64,6
DA:66,6
DA:69,6
DA:72,4
DA:73,4
DA:74,4
DA:75,3
DA:76,3
DA:77,1
DA:78,6
DA:79,0
DA:80,0
DA:83,4
DA:84,4
DA:87,4
DA:88,4
DA:89,4
DA:91,4
DA:92,4
DA:97,1
DA:98,3
DA:99,3
DA:100,3
DA:101,3
DA:102,3
DA:104,2
DA:105,2
DA:106,2
DA:109,3
DA:112,1
DA:113,1
DA:114,1
DA:115,1
DA:117,3
DA:118,3
DA:119,1
DA:120,0
DA:121,0
DA:126,1
DA:127,4
DA:128,4
DA:129,4
DA:130,4
DA:131,4
DA:133,4
DA:134,4
DA:136,4
DA:137,4
DA:138,4
DA:139,4
DA:140,4
DA:143,4
DA:144,4
DA:145,2
DA:146,1
DA:147,1
DA:148,1
DA:151,3
DA:152,3
DA:153,3
DA:154,3
DA:155,2
DA:156,2
DA:157,2
DA:158,2
DA:159,3
DA:160,0
DA:161,0
DA:162,0
DA:163,0
DA:164,0
DA:165,0
DA:166,3
DA:169,3
DA:170,4
DA:171,3
DA:172,2
DA:173,2
DA:174,2
DA:175,3
DA:178,3
DA:179,3
DA:180,3
DA:181,2
DA:182,2
DA:183,2
DA:184,2
DA:185,3
DA:188,3
DA:189,3
DA:190,3
DA:191,0
DA:192,0
DA:193,0
DA:194,0
DA:195,0
DA:196,3
DA:197,3
DA:198,2
DA:199,2
DA:200,2
DA:201,2
DA:202,3
DA:203,3
DA:206,3
DA:207,3
DA:208,3
DA:213,1
DA:214,0
DA:215,0
DA:216,0
DA:217,0
DA:218,0
DA:221,0
DA:222,0
DA:223,0
DA:224,0
DA:226,0
DA:228,0
DA:229,0
DA:230,0
DA:231,0
DA:232,0
DA:233,0
DA:238,1
DA:239,5
DA:240,5
DA:241,5
DA:242,5
DA:244,5
DA:245,1
DA:246,0
DA:247,0
DA:248,0
DA:249,0
DA:251,5
DA:252,1
DA:253,0
DA:254,0
DA:255,0
DA:256,0
DA:257,0
DA:260,5
DA:261,5
DA:262,5
DA:263,5
DA:264,1
DA:265,0
DA:266,0
DA:271,1
DA:272,0
DA:273,0
DA:274,0
DA:275,0
DA:276,0
DA:278,0
DA:279,0
DA:280,0
DA:281,0
DA:282,0
DA:283,0
DA:284,0
DA:285,0
DA:286,0
DA:288,0
DA:289,0
DA:290,0
DA:291,0
DA:292,0
DA:293,0
DA:294,0
DA:295,0
DA:296,0
DA:301,1
DA:302,4
DA:303,4
DA:304,4
DA:305,4
DA:307,4
DA:308,4
DA:310,1
DA:311,1
DA:317,1
DA:318,2
DA:319,2
DA:320,2
DA:322,2
DA:323,2
DA:326,2
DA:327,2
DA:332,1
DA:333,0
DA:334,0
DA:335,0
DA:336,0
DA:337,0
DA:338,0
DA:339,0
DA:345,1
DA:346,4
DA:347,4
DA:348,4
DA:349,4
DA:351,4
DA:352,1
DA:353,1
DA:356,3
DA:357,3
DA:358,3
DA:360,4
DA:362,2
DA:364,2
DA:365,2
DA:366,2
DA:368,0
DA:369,0
DA:375,1
DA:376,4
DA:377,4
DA:378,4
DA:379,4
DA:382,3
DA:383,4
DA:386,4
DA:389,4
DA:392,4
DA:393,0
DA:394,0
DA:395,0
DA:396,0
DA:398,0
DA:399,0
DA:404,1
DA:405,0
DA:406,0
DA:407,0
DA:408,0
DA:410,0
DA:413,0
DA:414,0
DA:415,0
DA:418,0
DA:419,0
DA:420,0
DA:422,0
DA:423,0
DA:429,1
DA:430,5
DA:431,5
DA:432,5
DA:433,5
DA:434,5
DA:435,5
DA:438,5
DA:439,0
DA:440,0
DA:443,5
DA:444,5
DA:445,1
DA:446,0
DA:447,0
DA:453,1
DA:454,4
DA:455,4
DA:456,4
DA:460,3
DA:461,4
DA:462,0
DA:463,0
DA:466,4
DA:467,4
DA:468,4
DA:469,4
DA:470,4
DA:472,1
DA:473,1
DA:479,1
DA:480,5
DA:481,5
DA:482,5
DA:483,5
DA:486,4
DA:488,5
DA:490,1
DA:491,5
DA:492,0
DA:493,3
DA:494,2
DA:495,3
DA:496,0
DA:497,0
DA:499,1
DA:500,1
DA:506,1
DA:507,3
DA:508,3
DA:509,3
DA:510,3
DA:511,3
DA:514,3
DA:515,1
DA:516,0
DA:518,0
DA:519,0
DA:525,1
DA:526,4
DA:527,4
DA:528,4
DA:529,4
DA:532,4
DA:533,4
DA:535,4
DA:536,4
DA:537,4
DA:538,4
DA:539,4
DA:540,4
DA:541,4
DA:543,3
DA:544,3
DA:550,1
DA:551,4
DA:552,4
DA:553,4
DA:556,3
DA:558,4
DA:560,1
DA:561,1
DA:562,1
DA:563,0
DA:564,0
DA:567,4
DA:568,4
DA:569,4
DA:571,1
DA:572,1
DA:577,1
DA:578,0
DA:579,0
DA:580,0
DA:581,0
DA:582,0
DA:583,0
DA:584,0
DA:585,0
DA:586,0
DA:587,0
DA:588,0
DA:589,0
DA:590,0
DA:591,0
DA:592,0
DA:593,0
DA:594,0
DA:595,0
DA:596,0
DA:597,0
DA:598,0
DA:599,0
DA:600,0
DA:601,0
DA:602,0
DA:604,0
DA:605,0
DA:606,0
DA:607,0
DA:608,0
DA:610,0
DA:613,0
DA:614,0
DA:615,0
DA:616,0
DA:619,0
DA:620,0
DA:621,0
DA:622,0
DA:623,0
DA:626,0
DA:627,0
DA:628,0
DA:631,0
DA:632,0
DA:633,0
DA:634,0
DA:635,0
DA:636,0
DA:637,0
DA:640,0
DA:641,0
DA:642,0
DA:643,0
DA:644,0
DA:645,0
DA:647,0
DA:648,0
DA:649,0
DA:650,0
DA:651,0
DA:652,0
DA:653,0
DA:654,0
DA:655,0
DA:656,0
DA:657,0
DA:658,0
DA:659,0
DA:660,0
DA:661,0
DA:662,0
DA:663,0
DA:664,0
DA:665,0
DA:666,0
DA:668,0
DA:669,0
DA:670,0
DA:671,0
DA:672,0
DA:673,0
DA:674,0
DA:675,0
DA:676,0
DA:677,0
DA:678,0
DA:679,0
DA:680,0
DA:681,0
DA:682,0
DA:683,0
DA:684,0
DA:685,0
DA:686,0
DA:687,0
DA:688,0
DA:691,0
DA:692,0
DA:693,0
DA:694,0
DA:695,0
DA:696,0
DA:697,0
DA:698,0
DA:699,0
DA:700,0
DA:701,0
DA:702,0
DA:703,0
DA:704,0
DA:705,0
DA:707,0
DA:708,0
DA:709,0
DA:710,0
DA:711,0
DA:712,0
DA:713,0
DA:714,0
DA:715,0
DA:716,0
DA:717,0
DA:722,1
DA:723,10
DA:724,10
DA:725,10
DA:726,10
DA:727,2
DA:728,2
DA:733,1
DA:734,3
DA:735,3
DA:736,3
DA:737,3
DA:738,3
DA:739,3
DA:740,3
DA:741,3
LF:509
LH:274
BRDA:19,0,0,6
BRDA:21,1,0,3
BRDA:21,2,0,3
BRDA:22,3,0,1
BRDA:22,4,0,2
BRDA:23,5,0,1
BRDA:24,6,0,0
BRDA:24,7,0,1
BRDA:25,8,0,0
BRDA:25,9,0,1
BRDA:26,10,0,0
BRDA:31,11,0,1
BRDA:31,12,0,2
BRDA:32,13,0,1
BRDA:33,14,0,0
BRDA:41,15,0,4
BRDA:43,16,0,0
BRDA:44,17,0,1
BRDA:45,18,0,3
BRDA:46,19,0,0
BRDA:47,20,0,0
BRDA:48,21,0,0
BRDA:49,22,0,0
BRDA:50,23,0,0
BRDA:51,24,0,0
BRDA:59,25,0,6
BRDA:66,26,0,1
BRDA:66,27,0,5
BRDA:69,28,0,1
BRDA:69,29,0,4
BRDA:74,30,0,1
BRDA:74,31,0,3
BRDA:75,32,0,0
BRDA:76,33,0,2
BRDA:76,34,0,1
BRDA:78,35,0,0
BRDA:80,36,0,4
BRDA:97,37,0,3
BRDA:102,38,0,1
BRDA:102,39,0,2
BRDA:109,40,0,1
BRDA:109,41,0,1
BRDA:117,42,0,0
BRDA:117,43,0,1
BRDA:118,44,0,0
BRDA:118,45,0,1
BRDA:119,46,0,0
BRDA:126,47,0,4
BRDA:131,48,0,1
BRDA:131,49,0,3
BRDA:133,50,0,0
BRDA:133,51,0,0
BRDA:144,52,0,1
BRDA:144,53,0,2
BRDA:145,54,0,1
BRDA:146,55,0,0
BRDA:147,56,0,0
BRDA:148,57,0,3
BRDA:154,58,0,1
BRDA:154,59,0,2
BRDA:155,60,0,0
BRDA:156,61,0,0
BRDA:157,62,0,0
BRDA:159,63,0,0
BRDA:170,64,0,3
BRDA:171,65,0,1
BRDA:171,66,0,2
BRDA:172,67,0,0
BRDA:173,68,0,0
BRDA:180,69,0,1
BRDA:180,70,0,2
BRDA:181,71,0,0
BRDA:182,72,0,0
BRDA:183,73,0,0
BRDA:190,74,0,0
BRDA:197,75,0,1
BRDA:197,76,0,2
BRDA:198,77,0,0
BRDA:199,78,0,0
BRDA:200,79,0,0
BRDA:238,80,0,5
BRDA:242,81,0,1
BRDA:242,82,0,4
BRDA:244,83,0,1
BRDA:245,84,0,0
BRDA:249,85,0,3
BRDA:251,86,0,2
BRDA:251,87,0,2
BRDA:251,88,0,1
BRDA:252,89,0,0
BRDA:257,90,0,2
BRDA:260,91,0,0
BRDA:260,92,0,2
BRDA:261,93,0,1
BRDA:262,94,0,0
BRDA:262,95,0,1
BRDA:263,96,0,0
BRDA:263,97,0,1
BRDA:264,98,0,0
BRDA:301,99,0,4
BRDA:305,100,0,1
BRDA:305,101,0,3
BRDA:307,102,0,1
BRDA:307,103,0,2
BRDA:308,104,0,1
BRDA:317,105,0,2
BRDA:323,106,0,0
BRDA:345,107,0,4
BRDA:351,108,0,1
BRDA:353,109,0,3
BRDA:360,110,0,1
BRDA:360,111,0,2
BRDA:366,112,0,0
BRDA:357,113,0,2
BRDA:375,114,0,4
BRDA:379,115,0,1
BRDA:379,116,0,3
BRDA:383,117,0,2
BRDA:383,118,0,1
BRDA:383,119,0,2
BRDA:386,120,0,1
BRDA:386,121,0,1
BRDA:392,122,0,2
BRDA:392,123,0,0
BRDA:429,124,0,5
BRDA:434,125,0,1
BRDA:434,126,0,4
BRDA:435,127,0,1
BRDA:435,128,0,3
BRDA:438,129,0,0
BRDA:440,130,0,3
BRDA:443,131,0,2
BRDA:443,132,0,1
BRDA:444,133,0,0
BRDA:444,134,0,1
BRDA:445,135,0,0
BRDA:453,136,0,4
BRDA:456,137,0,1
BRDA:456,138,0,3
BRDA:461,139,0,0
BRDA:463,140,0,3
BRDA:466,141,0,1
BRDA:466,142,0,2
BRDA:467,143,0,1
BRDA:468,144,0,0
BRDA:468,145,0,1
BRDA:469,146,0,0
BRDA:469,147,0,1
BRDA:470,148,0,0
BRDA:470,149,0,1
BRDA:479,150,0,5
BRDA:483,151,0,1
BRDA:483,152,0,4
BRDA:488,153,0,1
BRDA:491,154,0,3
BRDA:491,155,0,0
BRDA:493,156,0,2
BRDA:494,157,0,1
BRDA:494,158,0,1
BRDA:495,159,0,1
BRDA:495,160,0,0
BRDA:497,161,0,1
BRDA:506,162,0,3
BRDA:510,163,0,1
BRDA:510,164,0,2
BRDA:511,165,0,1
BRDA:514,166,0,0
BRDA:514,167,0,1
BRDA:515,168,0,0
BRDA:525,169,0,4
BRDA:529,170,0,1
BRDA:529,171,0,3
BRDA:532,172,0,1
BRDA:533,173,0,2
BRDA:533,174,0,1
BRDA:537,175,0,3
BRDA:538,176,0,0
BRDA:539,177,0,0
BRDA:540,178,0,0
BRDA:541,179,0,3
BRDA:550,180,0,4
BRDA:553,181,0,1
BRDA:553,182,0,3
BRDA:558,183,0,1
BRDA:561,184,0,0
BRDA:562,185,0,0
BRDA:564,186,0,2
BRDA:567,187,0,1
BRDA:568,188,0,0
BRDA:568,189,0,1
BRDA:569,190,0,0
BRDA:569,191,0,1
BRDA:722,192,0,10
BRDA:723,193,0,2
BRDA:723,194,0,8
BRDA:724,195,0,2
BRDA:724,196,0,6
BRDA:725,197,0,2
BRDA:725,198,0,4
BRDA:726,199,0,2
BRDA:733,200,0,3
BRDA:735,201,0,1
BRDA:736,202,0,1
BRDA:737,203,0,0
BRDA:738,204,0,0
BRDA:739,205,0,1
BRF:206
BRH:144
end_of_record
TN:
SF:src/lib/utils/cache.ts
FN:1,(empty-report)
FNF:1
FNH:0
FNDA:0,(empty-report)
DA:1,0
DA:14,0
DA:15,0
DA:16,0
DA:17,0
DA:18,0
DA:19,0
DA:20,0
DA:22,0
DA:23,0
DA:24,0
DA:25,0
DA:26,0
DA:28,0
DA:29,0
DA:30,0
DA:31,0
DA:32,0
DA:33,0
DA:38,0
DA:39,0
DA:40,0
DA:41,0
DA:42,0
DA:43,0
DA:44,0
DA:45,0
DA:46,0
DA:47,0
DA:48,0
DA:53,0
DA:54,0
DA:55,0
DA:56,0
DA:57,0
DA:58,0
DA:59,0
DA:64,0
DA:65,0
DA:66,0
DA:67,0
DA:68,0
DA:69,0
DA:70,0
DA:71,0
DA:72,0
DA:73,0
DA:74,0
DA:75,0
DA:80,0
DA:81,0
DA:82,0
DA:83,0
DA:85,0
DA:86,0
DA:89,0
DA:90,0
DA:91,0
DA:92,0
DA:93,0
DA:94,0
DA:95,0
DA:97,0
DA:98,0
DA:99,0
DA:100,0
DA:101,0
DA:102,0
DA:103,0
DA:104,0
DA:105,0
DA:106,0
DA:107,0
DA:112,0
DA:113,0
DA:114,0
DA:115,0
DA:117,0
DA:118,0
DA:119,0
DA:120,0
DA:121,0
DA:122,0
DA:123,0
DA:124,0
DA:126,0
DA:127,0
DA:128,0
DA:129,0
DA:130,0
DA:131,0
DA:134,0
DA:135,0
DA:136,0
DA:137,0
DA:138,0
DA:139,0
DA:140,0
DA:143,0
DA:144,0
DA:145,0
DA:146,0
DA:147,0
DA:148,0
DA:149,0
LF:105
LH:0
BRDA:1,0,0,0
BRF:1
BRH:0
end_of_record
TN:
SF:src/lib/utils/format-subtype.ts
FN:1,(empty-report)
FNF:1
FNH:1
FNDA:1,(empty-report)
DA:7,0
DA:8,0
DA:9,0
DA:10,0
DA:11,0
DA:12,0
DA:13,0
DA:14,0
DA:15,0
DA:16,0
DA:17,0
DA:18,0
DA:19,0
DA:20,0
DA:21,0
DA:22,0
DA:23,0
DA:24,0
DA:25,0
DA:31,0
DA:33,0
DA:34,0
DA:35,0
DA:38,0
DA:39,0
DA:40,0
DA:41,0
LF:27
LH:0
BRDA:1,0,0,1
BRF:1
BRH:1
end_of_record
TN:
SF:src/lib/utils/format.ts
FN:1,(empty-report)
FNF:1
FNH:0
FNDA:0,(empty-report)
DA:1,0
DA:7,0
DA:8,0
DA:9,0
DA:10,0
DA:11,0
DA:12,0
DA:17,0
DA:18,0
DA:19,0
DA:20,0
DA:21,0
DA:22,0
DA:27,0
DA:28,0
DA:29,0
DA:30,0
DA:31,0
DA:36,0
DA:39,0
DA:40,0
DA:41,0
DA:42,0
DA:47,0
DA:48,0
DA:49,0
DA:50,0
DA:51,0
DA:52,0
DA:53,0
DA:54,0
DA:55,0
DA:56,0
DA:57,0
DA:58,0
DA:59,0
DA:60,0
DA:65,0
DA:66,0
DA:67,0
DA:68,0
DA:69,0
DA:70,0
DA:71,0
DA:76,0
DA:77,0
DA:78,0
DA:79,0
DA:80,0
DA:81,0
DA:82,0
DA:87,0
DA:88,0
DA:89,0
DA:90,0
DA:91,0
DA:92,0
DA:93,0
DA:96,0
DA:97,0
DA:98,0
DA:99,0
DA:100,0
DA:102,0
DA:103,0
DA:108,0
DA:109,0
DA:110,0
DA:115,0
DA:116,0
DA:117,0
DA:118,0
DA:119,0
DA:120,0
DA:121,0
DA:126,0
DA:127,0
DA:128,0
DA:133,0
DA:134,0
DA:135,0
DA:136,0
DA:137,0
DA:138,0
DA:139,0
DA:140,0
DA:141,0
DA:146,0
DA:147,0
DA:148,0
DA:149,0
DA:154,0
DA:155,0
DA:156,0
DA:157,0
DA:158,0
DA:159,0
DA:160,0
DA:161,0
DA:162,0
DA:167,0
DA:168,0
DA:169,0
DA:170,0
DA:175,0
DA:176,0
DA:177,0
DA:178,0
DA:179,0
DA:184,0
DA:185,0
DA:186,0
DA:187,0
DA:188,0
DA:191,0
DA:192,0
DA:193,0
DA:196,0
DA:197,0
DA:198,0
DA:199,0
DA:200,0
DA:201,0
DA:203,0
DA:204,0
LF:125
LH:0
BRDA:1,0,0,0
BRF:1
BRH:0
end_of_record
TN:
SF:src/lib/weather/open-meteo.ts
FN:1,(empty-report)
FNF:1
FNH:1
FNDA:1,(empty-report)
DA:3,0
DA:4,0
DA:36,0
DA:37,0
DA:38,0
DA:39,0
DA:40,0
DA:41,0
DA:42,0
DA:43,0
DA:44,0
DA:45,0
DA:46,0
DA:47,0
DA:48,0
DA:49,0
DA:50,0
DA:51,0
DA:52,0
DA:53,0
DA:54,0
DA:55,0
DA:56,0
DA:57,0
DA:58,0
DA:59,0
DA:60,0
DA:61,0
DA:62,0
DA:64,0
DA:65,0
DA:66,0
DA:67,0
DA:69,0
DA:70,0
DA:72,0
DA:73,0
DA:74,0
DA:75,0
DA:76,0
DA:77,0
DA:78,0
DA:79,0
DA:80,0
DA:81,0
DA:82,0
DA:83,0
DA:85,0
DA:86,0
DA:87,0
DA:88,0
DA:90,0
DA:91,0
DA:96,0
DA:97,0
DA:98,0
DA:99,0
DA:100,0
DA:101,0
DA:102,0
DA:104,0
DA:105,0
DA:107,0
DA:108,0
DA:109,0
DA:110,0
DA:111,0
DA:112,0
DA:113,0
DA:114,0
DA:115,0
DA:116,0
DA:117,0
DA:118,0
DA:119,0
DA:120,0
DA:121,0
DA:123,0
DA:124,0
DA:127,0
DA:128,0
DA:129,0
DA:131,0
DA:132,0
DA:133,0
DA:134,0
DA:135,0
DA:136,0
DA:137,0
DA:138,0
DA:141,0
DA:142,0
DA:143,0
DA:146,0
DA:147,0
DA:148,0
DA:149,0
DA:150,0
DA:151,0
DA:152,0
DA:153,0
DA:154,0
DA:155,0
DA:156,0
DA:158,0
DA:159,0
DA:160,0
DA:161,0
DA:162,0
DA:163,0
DA:164,0
DA:165,0
DA:166,0
DA:167,0
DA:168,0
DA:169,0
DA:170,0
DA:171,0
DA:172,0
DA:173,0
DA:174,0
DA:175,0
DA:176,0
DA:178,0
DA:179,0
DA:180,0
DA:183,0
DA:184,0
DA:187,0
DA:188,0
DA:189,0
DA:190,0
DA:191,0
DA:192,0
DA:193,0
DA:196,0
DA:199,0
DA:202,0
DA:204,0
DA:205,0
DA:206,0
DA:207,0
DA:208,0
DA:209,0
DA:210,0
DA:211,0
DA:212,0
DA:213,0
DA:214,0
DA:215,0
DA:216,0
DA:217,0
DA:218,0
DA:219,0
DA:220,0
DA:221,0
DA:222,0
DA:223,0
DA:224,0
DA:225,0
DA:226,0
DA:227,0
DA:228,0
DA:229,0
DA:230,0
DA:231,0
DA:232,0
DA:233,0
DA:234,0
DA:235,0
DA:236,0
DA:237,0
DA:239,0
DA:240,0
DA:241,0
DA:242,0
DA:243,0
DA:244,0
DA:245,0
DA:246,0
DA:248,0
DA:250,0
DA:251,0
DA:253,0
DA:254,0
DA:255,0
DA:256,0
DA:257,0
DA:258,0
DA:259,0
DA:260,0
DA:261,0
DA:262,0
DA:263,0
DA:264,0
DA:265,0
DA:266,0
DA:267,0
DA:268,0
DA:269,0
DA:270,0
DA:273,0
DA:274,0
DA:275,0
DA:276,0
DA:277,0
DA:278,0
DA:279,0
DA:281,0
DA:282,0
DA:284,0
DA:285,0
DA:286,0
DA:287,0
DA:288,0
DA:289,0
DA:290,0
DA:291,0
DA:292,0
DA:294,0
DA:297,0
DA:298,0
DA:299,0
DA:300,0
DA:302,0
DA:303,0
DA:306,0
DA:309,0
DA:310,0
DA:311,0
DA:314,0
DA:315,0
DA:316,0
DA:318,0
DA:319,0
DA:320,0
DA:322,0
DA:323,0
DA:324,0
DA:325,0
DA:326,0
DA:327,0
DA:329,0
DA:330,0
DA:331,0
DA:332,0
DA:333,0
DA:334,0
DA:335,0
DA:336,0
DA:337,0
DA:338,0
DA:342,0
DA:343,0
DA:344,0
DA:345,0
DA:346,0
DA:347,0
DA:348,0
DA:349,0
DA:351,0
DA:352,0
LF:262
LH:0
BRDA:1,0,0,1
BRF:1
BRH:1
end_of_record
TN:
SF:src/stores/AppContext.tsx
FN:1,(empty-report)
FNF:1
FNH:0
FNDA:0,(empty-report)
DA:1,0
DA:29,0
DA:30,0
DA:31,0
DA:32,0
DA:33,0
DA:34,0
DA:35,0
DA:37,0
DA:38,0
DA:39,0
DA:40,0
DA:41,0
DA:42,0
DA:43,0
DA:44,0
DA:45,0
DA:46,0
DA:47,0
DA:48,0
DA:49,0
DA:51,0
DA:52,0
DA:53,0
DA:54,0
DA:55,0
DA:56,0
DA:57,0
DA:58,0
DA:59,0
DA:60,0
DA:61,0
DA:62,0
DA:63,0
DA:64,0
DA:65,0
DA:66,0
DA:67,0
DA:68,0
DA:69,0
DA:70,0
DA:71,0
DA:72,0
DA:73,0
DA:74,0
DA:75,0
DA:76,0
DA:77,0
DA:78,0
DA:79,0
DA:80,0
DA:81,0
DA:82,0
DA:83,0
DA:93,0
DA:95,0
DA:96,0
DA:99,0
DA:100,0
DA:102,0
DA:103,0
DA:104,0
DA:105,0
DA:108,0
DA:109,0
DA:110,0
DA:111,0
DA:112,0
DA:113,0
DA:115,0
DA:116,0
DA:117,0
DA:119,0
DA:120,0
DA:123,0
DA:124,0
DA:125,0
DA:128,0
DA:129,0
DA:130,0
DA:132,0
DA:133,0
DA:135,0
DA:136,0
DA:137,0
DA:138,0
DA:139,0
DA:141,0
DA:142,0
DA:143,0
DA:144,0
DA:146,0
DA:147,0
DA:148,0
DA:150,0
DA:151,0
DA:152,0
DA:154,0
DA:155,0
DA:156,0
DA:157,0
DA:158,0
DA:159,0
DA:160,0
DA:162,0
DA:163,0
DA:165,0
DA:166,0
DA:167,0
DA:168,0
DA:169,0
DA:170,0
DA:171,0
LF:113
LH:0
BRDA:1,0,0,0
BRF:1
BRH:0
end_of_record
